#
# There is insufficient memory for the Java Runtime Environment to continue.
# Native memory allocation (malloc) failed to allocate 1853120 bytes. Error detail: Chunk::new
# Possible reasons:
#   The system is out of physical RAM or swap space
#   This process is running with CompressedOops enabled, and the Java Heap may be blocking the growth of the native heap
# Possible solutions:
#   Reduce memory load on the system
#   Increase physical memory or swap space
#   Check if swap backing store is full
#   Decrease Java heap size (-Xmx/-Xms)
#   Decrease number of Java threads
#   Decrease Java thread stack sizes (-Xss)
#   Set larger code cache with -XX:ReservedCodeCacheSize=
#   JVM is running with Unscaled Compressed Oops mode in which the Java heap is
#     placed in the first 4GB address space. The Java Heap base address is the
#     maximum limit for the native heap growth. Please use -XX:HeapBaseMinAddress
#     to set the Java Heap base and to place the Java Heap above 4GB virtual address.
# This output file may be truncated or incomplete.
#
#  Out of Memory Error (arena.cpp:168), pid=7496, tid=5068
#
# JRE version: OpenJDK Runtime Environment Temurin-21.0.10+7 (21.0.10+7) (build 21.0.10+7-LTS)
# Java VM: OpenJDK 64-Bit Server VM Temurin-21.0.10+7 (21.0.10+7-LTS, mixed mode, sharing, tiered, compressed oops, compressed class ptrs, g1 gc, windows-amd64)
# No core dump will be written. Minidumps are not enabled by default on client versions of Windows
#

---------------  S U M M A R Y ------------

Command Line: --add-opens=java.base/java.util=ALL-UNNAMED --add-opens=java.base/java.lang=ALL-UNNAMED --add-opens=java.base/java.lang.invoke=ALL-UNNAMED --add-opens=java.prefs/java.util.prefs=ALL-UNNAMED --add-exports=jdk.compiler/com.sun.tools.javac.api=ALL-UNNAMED --add-exports=jdk.compiler/com.sun.tools.javac.util=ALL-UNNAMED --add-opens=java.base/java.nio.charset=ALL-UNNAMED --add-opens=java.base/java.net=ALL-UNNAMED --add-opens=java.base/java.util.concurrent.atomic=ALL-UNNAMED -XX:MaxMetaspaceSize=384m -XX:+HeapDumpOnOutOfMemoryError -Xms256m -Xmx512m -Dfile.encoding=utf8 -Duser.country=BR -Duser.language=pt -Duser.variant -javaagent:C:\Users\Adriano\.gradle\wrapper\dists\gradle-8.9-bin\90cnw93cvbtalezasaz0blq0a\gradle-8.9\lib\agents\gradle-instrumentation-agent-8.9.jar org.gradle.launcher.daemon.bootstrap.GradleDaemon 8.9

Host: Intel(R) Celeron(R) CPU  N3060  @ 1.60GHz, 2 cores, 3G,  Windows 10 , 64 bit Build 19041 (10.0.19041.5915)
Time: Mon Jun 15 18:33:22 2026 Hora oficial do Brasil elapsed time: 325.248821 seconds (0d 0h 5m 25s)

---------------  T H R E A D  ---------------

Current thread (0x0000022d287868b0):  JavaThread "C2 CompilerThread0" daemon [_thread_in_native, id=5068, stack(0x000000d618600000,0x000000d618700000) (1024K)]


Current CompileTask:
C2:325253 15704       4       org.gradle.internal.serialize.HierarchicalNameSerializer::writeName (88 bytes)

Stack: [0x000000d618600000,0x000000d618700000]
Native frames: (J=compiled Java code, j=interpreted, Vv=VM code, C=native code)
V  [jvm.dll+0x6d7a39]
V  [jvm.dll+0x8b4b26]
V  [jvm.dll+0x8b70de]
V  [jvm.dll+0x8b77c3]
V  [jvm.dll+0x284346]
V  [jvm.dll+0xc66ed]
V  [jvm.dll+0xc6c31]
V  [jvm.dll+0x3bec3b]
V  [jvm.dll+0x38b162]
V  [jvm.dll+0x38a5aa]
V  [jvm.dll+0x24c560]
V  [jvm.dll+0x24bb40]
V  [jvm.dll+0x1cb34e]
V  [jvm.dll+0x25b85d]
V  [jvm.dll+0x259dea]
V  [jvm.dll+0x3f857e]
V  [jvm.dll+0x85f59d]
V  [jvm.dll+0x6d626d]
C  [ucrtbase.dll+0x21bb2]
C  [KERNEL32.DLL+0x17374]
C  [ntdll.dll+0x4cc91]


---------------  P R O C E S S  ---------------

Threads class SMR info:
_java_thread_list=0x0000022d47f62690, length=43, elements={
0x0000022d13aa28b0, 0x0000022d287801d0, 0x0000022d28780fe0, 0x0000022d28783c00,
0x0000022d28784660, 0x0000022d287850c0, 0x0000022d28785b20, 0x0000022d287868b0,
0x0000022d287acce0, 0x0000022d28968bf0, 0x0000022d288f2520, 0x0000022d42c4d010,
0x0000022d43760030, 0x0000022d42676c10, 0x0000022d4266c040, 0x0000022d2881fbd0,
0x0000022d437bcc30, 0x0000022d42f47440, 0x0000022d288561c0, 0x0000022d28854e10,
0x0000022d28856850, 0x0000022d28853a60, 0x0000022d288533d0, 0x0000022d288540f0,
0x0000022d28855b30, 0x0000022d4475bf50, 0x0000022d44759e80, 0x0000022d4475aba0,
0x0000022d4475c5e0, 0x0000022d44759160, 0x0000022d4475b230, 0x0000022d4475b8c0,
0x0000022d44758ad0, 0x0000022d4475d990, 0x0000022d46729070, 0x0000022d46725bf0,
0x0000022d46726280, 0x0000022d46728350, 0x0000022d4672aab0, 0x0000022d46729700,
0x0000022d46c76420, 0x0000022d470534e0, 0x0000022d47052130
}

Java Threads: ( => current thread )
  0x0000022d13aa28b0 JavaThread "main"                              [_thread_blocked, id=7988, stack(0x000000d617800000,0x000000d617900000) (1024K)]
  0x0000022d287801d0 JavaThread "Reference Handler"          daemon [_thread_blocked, id=10064, stack(0x000000d618000000,0x000000d618100000) (1024K)]
  0x0000022d28780fe0 JavaThread "Finalizer"                  daemon [_thread_blocked, id=6816, stack(0x000000d618100000,0x000000d618200000) (1024K)]
  0x0000022d28783c00 JavaThread "Signal Dispatcher"          daemon [_thread_blocked, id=7572, stack(0x000000d618200000,0x000000d618300000) (1024K)]
  0x0000022d28784660 JavaThread "Attach Listener"            daemon [_thread_blocked, id=8496, stack(0x000000d618300000,0x000000d618400000) (1024K)]
  0x0000022d287850c0 JavaThread "Service Thread"             daemon [_thread_blocked, id=7472, stack(0x000000d618400000,0x000000d618500000) (1024K)]
  0x0000022d28785b20 JavaThread "Monitor Deflation Thread"   daemon [_thread_blocked, id=5084, stack(0x000000d618500000,0x000000d618600000) (1024K)]
=>0x0000022d287868b0 JavaThread "C2 CompilerThread0"         daemon [_thread_in_native, id=5068, stack(0x000000d618600000,0x000000d618700000) (1024K)]
  0x0000022d287acce0 JavaThread "C1 CompilerThread0"         daemon [_thread_in_native, id=4328, stack(0x000000d618700000,0x000000d618800000) (1024K)]
  0x0000022d28968bf0 JavaThread "Common-Cleaner"             daemon [_thread_blocked, id=11144, stack(0x000000d618800000,0x000000d618900000) (1024K)]
  0x0000022d288f2520 JavaThread "Notification Thread"        daemon [_thread_blocked, id=1272, stack(0x000000d618900000,0x000000d618a00000) (1024K)]
  0x0000022d42c4d010 JavaThread "Daemon health stats"               [_thread_blocked, id=5352, stack(0x000000d618b00000,0x000000d618c00000) (1024K)]
  0x0000022d43760030 JavaThread "Incoming local TCP Connector on port 51716"        [_thread_in_native, id=4024, stack(0x000000d618c00000,0x000000d618d00000) (1024K)]
  0x0000022d42676c10 JavaThread "Daemon periodic checks"            [_thread_blocked, id=6092, stack(0x000000d618d00000,0x000000d618e00000) (1024K)]
  0x0000022d4266c040 JavaThread "Daemon"                            [_thread_blocked, id=9584, stack(0x000000d618e00000,0x000000d618f00000) (1024K)]
  0x0000022d2881fbd0 JavaThread "Handler for socket connection from /127.0.0.1:51716 to /127.0.0.1:51717"        [_thread_in_native, id=5436, stack(0x000000d618f00000,0x000000d619000000) (1024K)]
  0x0000022d437bcc30 JavaThread "Cancel handler"                    [_thread_blocked, id=3692, stack(0x000000d619000000,0x000000d619100000) (1024K)]
  0x0000022d42f47440 JavaThread "Daemon worker"                     [_thread_in_native, id=5292, stack(0x000000d619100000,0x000000d619200000) (1024K)]
  0x0000022d288561c0 JavaThread "Asynchronous log dispatcher for DefaultDaemonConnection: socket connection from /127.0.0.1:51716 to /127.0.0.1:51717"        [_thread_blocked, id=7584, stack(0x000000d619200000,0x000000d619300000) (1024K)]
  0x0000022d28854e10 JavaThread "Stdin handler"                     [_thread_blocked, id=9068, stack(0x000000d619300000,0x000000d619400000) (1024K)]
  0x0000022d28856850 JavaThread "Daemon client event forwarder"        [_thread_blocked, id=4772, stack(0x000000d619400000,0x000000d619500000) (1024K)]
  0x0000022d28853a60 JavaThread "Cache worker for journal cache (C:\Users\Adriano\.gradle\caches\journal-1)"        [_thread_blocked, id=5680, stack(0x000000d619500000,0x000000d619600000) (1024K)]
  0x0000022d288533d0 JavaThread "File lock request listener"        [_thread_in_native, id=3056, stack(0x000000d619600000,0x000000d619700000) (1024K)]
  0x0000022d288540f0 JavaThread "Cache worker for file hash cache (C:\Users\Adriano\.gradle\caches\8.9\fileHashes)"        [_thread_blocked, id=1736, stack(0x000000d619700000,0x000000d619800000) (1024K)]
  0x0000022d28855b30 JavaThread "Cache worker for file hash cache (C:\Users\Adriano\Downloads\flutter\packages\flutter_tools\gradle\.gradle\8.9\fileHashes)"        [_thread_blocked, id=10552, stack(0x000000d619800000,0x000000d619900000) (1024K)]
  0x0000022d4475bf50 JavaThread "Cache worker for Build Output Cleanup Cache (C:\Users\Adriano\Downloads\flutter\packages\flutter_tools\gradle\.gradle\buildOutputCleanup)"        [_thread_blocked, id=4048, stack(0x000000d619900000,0x000000d619a00000) (1024K)]
  0x0000022d44759e80 JavaThread "File watcher server"        daemon [_thread_in_native, id=9336, stack(0x000000d619a00000,0x000000d619b00000) (1024K)]
  0x0000022d4475aba0 JavaThread "File watcher consumer"      daemon [_thread_blocked, id=6636, stack(0x000000d619b00000,0x000000d619c00000) (1024K)]
  0x0000022d4475c5e0 JavaThread "Cache worker for checksums cache (C:\Users\Adriano\Downloads\flutter\packages\flutter_tools\gradle\.gradle\8.9\checksums)"        [_thread_blocked, id=4948, stack(0x000000d619c00000,0x000000d619d00000) (1024K)]
  0x0000022d44759160 JavaThread "Cache worker for file content cache (C:\Users\Adriano\.gradle\caches\8.9\fileContent)"        [_thread_blocked, id=8876, stack(0x000000d619d00000,0x000000d619e00000) (1024K)]
  0x0000022d4475b230 JavaThread "Cache worker for cache directory md-rule (C:\Users\Adriano\.gradle\caches\8.9\md-rule)"        [_thread_blocked, id=9812, stack(0x000000d619e00000,0x000000d619f00000) (1024K)]
  0x0000022d4475b8c0 JavaThread "Cache worker for cache directory md-supplier (C:\Users\Adriano\.gradle\caches\8.9\md-supplier)"        [_thread_blocked, id=7020, stack(0x000000d619f00000,0x000000d61a000000) (1024K)]
  0x0000022d44758ad0 JavaThread "jar transforms"                    [_thread_blocked, id=10704, stack(0x000000d61a000000,0x000000d61a100000) (1024K)]
  0x0000022d4475d990 JavaThread "jar transforms Thread 2"           [_thread_blocked, id=6036, stack(0x000000d61a100000,0x000000d61a200000) (1024K)]
  0x0000022d46729070 JavaThread "Kotlin DSL Writer"                 [_thread_blocked, id=4880, stack(0x000000d617600000,0x000000d617700000) (1024K)]
  0x0000022d46725bf0 JavaThread "Unconstrained build operations"        [_thread_blocked, id=9984, stack(0x000000d61a300000,0x000000d61a400000) (1024K)]
  0x0000022d46726280 JavaThread "Unconstrained build operations Thread 2"        [_thread_blocked, id=9112, stack(0x000000d61a500000,0x000000d61a600000) (1024K)]
  0x0000022d46728350 JavaThread "Unconstrained build operations Thread 3"        [_thread_blocked, id=10860, stack(0x000000d61a600000,0x000000d61a700000) (1024K)]
  0x0000022d4672aab0 JavaThread "Unconstrained build operations Thread 4"        [_thread_blocked, id=9576, stack(0x000000d61a700000,0x000000d61a800000) (1024K)]
  0x0000022d46729700 JavaThread "Unconstrained build operations Thread 5"        [_thread_blocked, id=8960, stack(0x000000d61a800000,0x000000d61a900000) (1024K)]
  0x0000022d46c76420 JavaThread "Unconstrained build operations Thread 6"        [_thread_blocked, id=9452, stack(0x000000d61a900000,0x000000d61aa00000) (1024K)]
  0x0000022d470534e0 JavaThread "Unconstrained build operations Thread 7"        [_thread_blocked, id=8652, stack(0x000000d61aa00000,0x000000d61ab00000) (1024K)]
  0x0000022d47052130 JavaThread "Unconstrained build operations Thread 8"        [_thread_in_Java, id=10880, stack(0x000000d61ac00000,0x000000d61ad00000) (1024K)]
Total: 43

Other Threads:
  0x0000022d28768520 VMThread "VM Thread"                           [id=10524, stack(0x000000d617f00000,0x000000d618000000) (1024K)]
  0x0000022d287595f0 WatcherThread "VM Periodic Task Thread"        [id=10624, stack(0x000000d617e00000,0x000000d617f00000) (1024K)]
  0x0000022d13ac95e0 WorkerThread "GC Thread#0"                     [id=10600, stack(0x000000d617900000,0x000000d617a00000) (1024K)]
  0x0000022d28a44470 WorkerThread "GC Thread#1"                     [id=588, stack(0x000000d618a00000,0x000000d618b00000) (1024K)]
  0x0000022d13ace470 ConcurrentGCThread "G1 Main Marker"            [id=7696, stack(0x000000d617a00000,0x000000d617b00000) (1024K)]
  0x0000022d13acee20 WorkerThread "G1 Conc#0"                       [id=7928, stack(0x000000d617b00000,0x000000d617c00000) (1024K)]
  0x0000022d13b6e020 ConcurrentGCThread "G1 Refine#0"               [id=2596, stack(0x000000d617c00000,0x000000d617d00000) (1024K)]
  0x0000022d13b6ea40 ConcurrentGCThread "G1 Service"                [id=8316, stack(0x000000d617d00000,0x000000d617e00000) (1024K)]
Total: 8

Threads with active compile tasks:
C2 CompilerThread0  325460 15704       4       org.gradle.internal.serialize.HierarchicalNameSerializer::writeName (88 bytes)
Total: 1

VM state: not at safepoint (normal execution)

VM Mutex/Monitor currently owned by a thread: None

Heap address: 0x00000000e0000000, size: 512 MB, Compressed Oops mode: 32-bit

CDS archive(s) mapped at: [0x0000022d29000000-0x0000022d29ba0000-0x0000022d29ba0000), size 12189696, SharedBaseAddress: 0x0000022d29000000, ArchiveRelocationMode: 1.
Compressed class space mapped at: 0x0000022d2a000000-0x0000022d3e000000, reserved size: 335544320
Narrow klass base: 0x0000022d29000000, Narrow klass shift: 0, Narrow klass range: 0x100000000

GC Precious Log:
 CardTable entry size: 512
 Card Set container configuration: InlinePtr #cards 5 size 8 Array Of Cards #cards 12 size 40 Howl #buckets 4 coarsen threshold 1843 Howl Bitmap #cards 512 size 80 coarsen threshold 460 Card regions per heap region 1 cards per card region 2048
 CPUs: 2 total, 2 available
 Memory: 3927M
 Large Page Support: Disabled
 NUMA Support: Disabled
 Compressed Oops: Enabled (32-bit)
 Heap Region Size: 1M
 Heap Min Capacity: 256M
 Heap Initial Capacity: 256M
 Heap Max Capacity: 512M
 Pre-touch: Disabled
 Parallel Workers: 2
 Concurrent Workers: 1
 Concurrent Refinement Workers: 2
 Periodic GC: Disabled

Heap:
 garbage-first heap   total 262144K, used 140288K [0x00000000e0000000, 0x0000000100000000)
  region size 1024K, 46 young (47104K), 14 survivors (14336K)
 Metaspace       used 130722K, committed 132800K, reserved 458752K
  class space    used 16867K, committed 17920K, reserved 327680K

Heap Regions: E=young(eden), S=young(survivor), O=old, HS=humongous(starts), HC=humongous(continues), CS=collection set, F=free, TAMS=top-at-mark-start, PB=parsable bottom
|   0|0x00000000e0000000, 0x00000000e0100000, 0x00000000e0100000|100%|HS|  |TAMS 0x00000000e0000000| PB 0x00000000e0000000| Complete 
|   1|0x00000000e0100000, 0x00000000e0200000, 0x00000000e0200000|100%|HC|  |TAMS 0x00000000e0100000| PB 0x00000000e0100000| Complete 
|   2|0x00000000e0200000, 0x00000000e0300000, 0x00000000e0300000|100%|HC|  |TAMS 0x00000000e0200000| PB 0x00000000e0200000| Complete 
|   3|0x00000000e0300000, 0x00000000e0400000, 0x00000000e0400000|100%|HC|  |TAMS 0x00000000e0300000| PB 0x00000000e0300000| Complete 
|   4|0x00000000e0400000, 0x00000000e0500000, 0x00000000e0500000|100%| O|  |TAMS 0x00000000e0400000| PB 0x00000000e0400000| Untracked 
|   5|0x00000000e0500000, 0x00000000e0600000, 0x00000000e0600000|100%| O|  |TAMS 0x00000000e0500000| PB 0x00000000e0500000| Untracked 
|   6|0x00000000e0600000, 0x00000000e0700000, 0x00000000e0700000|100%| O|  |TAMS 0x00000000e0600000| PB 0x00000000e0600000| Untracked 
|   7|0x00000000e0700000, 0x00000000e0800000, 0x00000000e0800000|100%| O|  |TAMS 0x00000000e0700000| PB 0x00000000e0700000| Untracked 
|   8|0x00000000e0800000, 0x00000000e0900000, 0x00000000e0900000|100%| O|  |TAMS 0x00000000e0800000| PB 0x00000000e0800000| Untracked 
|   9|0x00000000e0900000, 0x00000000e0a00000, 0x00000000e0a00000|100%|HS|  |TAMS 0x00000000e0900000| PB 0x00000000e0900000| Complete 
|  10|0x00000000e0a00000, 0x00000000e0b00000, 0x00000000e0b00000|100%| O|  |TAMS 0x00000000e0a00000| PB 0x00000000e0a00000| Untracked 
|  11|0x00000000e0b00000, 0x00000000e0c00000, 0x00000000e0c00000|100%| O|  |TAMS 0x00000000e0b00000| PB 0x00000000e0b00000| Untracked 
|  12|0x00000000e0c00000, 0x00000000e0d00000, 0x00000000e0d00000|100%| O|  |TAMS 0x00000000e0c00000| PB 0x00000000e0c00000| Untracked 
|  13|0x00000000e0d00000, 0x00000000e0e00000, 0x00000000e0e00000|100%| O|  |TAMS 0x00000000e0d00000| PB 0x00000000e0d00000| Untracked 
|  14|0x00000000e0e00000, 0x00000000e0f00000, 0x00000000e0f00000|100%| O|  |TAMS 0x00000000e0e00000| PB 0x00000000e0e00000| Untracked 
|  15|0x00000000e0f00000, 0x00000000e1000000, 0x00000000e1000000|100%| O|  |TAMS 0x00000000e0f00000| PB 0x00000000e0f00000| Untracked 
|  16|0x00000000e1000000, 0x00000000e1100000, 0x00000000e1100000|100%| O|  |TAMS 0x00000000e1000000| PB 0x00000000e1000000| Untracked 
|  17|0x00000000e1100000, 0x00000000e1200000, 0x00000000e1200000|100%| O|  |TAMS 0x00000000e1100000| PB 0x00000000e1100000| Untracked 
|  18|0x00000000e1200000, 0x00000000e1300000, 0x00000000e1300000|100%| O|  |TAMS 0x00000000e1200000| PB 0x00000000e1200000| Untracked 
|  19|0x00000000e1300000, 0x00000000e1400000, 0x00000000e1400000|100%| O|  |TAMS 0x00000000e1300000| PB 0x00000000e1300000| Untracked 
|  20|0x00000000e1400000, 0x00000000e1500000, 0x00000000e1500000|100%| O|  |TAMS 0x00000000e1400000| PB 0x00000000e1400000| Untracked 
|  21|0x00000000e1500000, 0x00000000e1600000, 0x00000000e1600000|100%| O|  |TAMS 0x00000000e1500000| PB 0x00000000e1500000| Untracked 
|  22|0x00000000e1600000, 0x00000000e1700000, 0x00000000e1700000|100%| O|  |TAMS 0x00000000e1600000| PB 0x00000000e1600000| Untracked 
|  23|0x00000000e1700000, 0x00000000e1800000, 0x00000000e1800000|100%| O|  |TAMS 0x00000000e1700000| PB 0x00000000e1700000| Untracked 
|  24|0x00000000e1800000, 0x00000000e1900000, 0x00000000e1900000|100%| O|  |TAMS 0x00000000e1800000| PB 0x00000000e1800000| Untracked 
|  25|0x00000000e1900000, 0x00000000e1a00000, 0x00000000e1a00000|100%| O|  |TAMS 0x00000000e1900000| PB 0x00000000e1900000| Untracked 
|  26|0x00000000e1a00000, 0x00000000e1b00000, 0x00000000e1b00000|100%| O|  |TAMS 0x00000000e1a00000| PB 0x00000000e1a00000| Untracked 
|  27|0x00000000e1b00000, 0x00000000e1c00000, 0x00000000e1c00000|100%| O|  |TAMS 0x00000000e1b00000| PB 0x00000000e1b00000| Untracked 
|  28|0x00000000e1c00000, 0x00000000e1d00000, 0x00000000e1d00000|100%| O|  |TAMS 0x00000000e1c00000| PB 0x00000000e1c00000| Untracked 
|  29|0x00000000e1d00000, 0x00000000e1e00000, 0x00000000e1e00000|100%| O|  |TAMS 0x00000000e1d00000| PB 0x00000000e1d00000| Untracked 
|  30|0x00000000e1e00000, 0x00000000e1f00000, 0x00000000e1f00000|100%| O|  |TAMS 0x00000000e1e00000| PB 0x00000000e1e00000| Untracked 
|  31|0x00000000e1f00000, 0x00000000e2000000, 0x00000000e2000000|100%| O|  |TAMS 0x00000000e1f00000| PB 0x00000000e1f00000| Untracked 
|  32|0x00000000e2000000, 0x00000000e2100000, 0x00000000e2100000|100%| O|  |TAMS 0x00000000e2000000| PB 0x00000000e2000000| Untracked 
|  33|0x00000000e2100000, 0x00000000e2200000, 0x00000000e2200000|100%| O|  |TAMS 0x00000000e2100000| PB 0x00000000e2100000| Untracked 
|  34|0x00000000e2200000, 0x00000000e2300000, 0x00000000e2300000|100%| O|  |TAMS 0x00000000e2200000| PB 0x00000000e2200000| Untracked 
|  35|0x00000000e2300000, 0x00000000e2400000, 0x00000000e2400000|100%| O|  |TAMS 0x00000000e2300000| PB 0x00000000e2300000| Untracked 
|  36|0x00000000e2400000, 0x00000000e2500000, 0x00000000e2500000|100%| O|  |TAMS 0x00000000e2400000| PB 0x00000000e2400000| Untracked 
|  37|0x00000000e2500000, 0x00000000e2600000, 0x00000000e2600000|100%| O|  |TAMS 0x00000000e2500000| PB 0x00000000e2500000| Untracked 
|  38|0x00000000e2600000, 0x00000000e2700000, 0x00000000e2700000|100%| O|  |TAMS 0x00000000e2600000| PB 0x00000000e2600000| Untracked 
|  39|0x00000000e2700000, 0x00000000e2800000, 0x00000000e2800000|100%| O|  |TAMS 0x00000000e2700000| PB 0x00000000e2700000| Untracked 
|  40|0x00000000e2800000, 0x00000000e2900000, 0x00000000e2900000|100%| O|  |TAMS 0x00000000e2800000| PB 0x00000000e2800000| Untracked 
|  41|0x00000000e2900000, 0x00000000e2a00000, 0x00000000e2a00000|100%| O|  |TAMS 0x00000000e2900000| PB 0x00000000e2900000| Untracked 
|  42|0x00000000e2a00000, 0x00000000e2b00000, 0x00000000e2b00000|100%| O|  |TAMS 0x00000000e2a00000| PB 0x00000000e2a00000| Untracked 
|  43|0x00000000e2b00000, 0x00000000e2c00000, 0x00000000e2c00000|100%| O|  |TAMS 0x00000000e2b00000| PB 0x00000000e2b00000| Untracked 
|  44|0x00000000e2c00000, 0x00000000e2d00000, 0x00000000e2d00000|100%| O|  |TAMS 0x00000000e2c00000| PB 0x00000000e2c00000| Untracked 
|  45|0x00000000e2d00000, 0x00000000e2e00000, 0x00000000e2e00000|100%| O|  |TAMS 0x00000000e2d00000| PB 0x00000000e2d00000| Untracked 
|  46|0x00000000e2e00000, 0x00000000e2f00000, 0x00000000e2f00000|100%| O|  |TAMS 0x00000000e2e00000| PB 0x00000000e2e00000| Untracked 
|  47|0x00000000e2f00000, 0x00000000e3000000, 0x00000000e3000000|100%| O|  |TAMS 0x00000000e2f00000| PB 0x00000000e2f00000| Untracked 
|  48|0x00000000e3000000, 0x00000000e3100000, 0x00000000e3100000|100%| O|  |TAMS 0x00000000e3000000| PB 0x00000000e3000000| Untracked 
|  49|0x00000000e3100000, 0x00000000e3100000, 0x00000000e3200000|  0%| F|  |TAMS 0x00000000e3100000| PB 0x00000000e3100000| Untracked 
|  50|0x00000000e3200000, 0x00000000e3300000, 0x00000000e3300000|100%| O|  |TAMS 0x00000000e3200000| PB 0x00000000e3200000| Untracked 
|  51|0x00000000e3300000, 0x00000000e3400000, 0x00000000e3400000|100%| O|  |TAMS 0x00000000e3300000| PB 0x00000000e3300000| Untracked 
|  52|0x00000000e3400000, 0x00000000e3500000, 0x00000000e3500000|100%|HS|  |TAMS 0x00000000e3400000| PB 0x00000000e3400000| Complete 
|  53|0x00000000e3500000, 0x00000000e3600000, 0x00000000e3600000|100%| O|  |TAMS 0x00000000e3500000| PB 0x00000000e3500000| Untracked 
|  54|0x00000000e3600000, 0x00000000e3700000, 0x00000000e3700000|100%| O|  |TAMS 0x00000000e3600000| PB 0x00000000e3600000| Untracked 
|  55|0x00000000e3700000, 0x00000000e3800000, 0x00000000e3800000|100%| O|  |TAMS 0x00000000e3700000| PB 0x00000000e3700000| Untracked 
|  56|0x00000000e3800000, 0x00000000e3900000, 0x00000000e3900000|100%| O|  |TAMS 0x00000000e3800000| PB 0x00000000e3800000| Untracked 
|  57|0x00000000e3900000, 0x00000000e3a00000, 0x00000000e3a00000|100%| O|  |TAMS 0x00000000e3900000| PB 0x00000000e3900000| Untracked 
|  58|0x00000000e3a00000, 0x00000000e3b00000, 0x00000000e3b00000|100%| O|  |TAMS 0x00000000e3a00000| PB 0x00000000e3a00000| Untracked 
|  59|0x00000000e3b00000, 0x00000000e3c00000, 0x00000000e3c00000|100%| O|  |TAMS 0x00000000e3b00000| PB 0x00000000e3b00000| Untracked 
|  60|0x00000000e3c00000, 0x00000000e3d00000, 0x00000000e3d00000|100%| O|  |TAMS 0x00000000e3c00000| PB 0x00000000e3c00000| Untracked 
|  61|0x00000000e3d00000, 0x00000000e3e00000, 0x00000000e3e00000|100%| O|  |TAMS 0x00000000e3d00000| PB 0x00000000e3d00000| Untracked 
|  62|0x00000000e3e00000, 0x00000000e3f00000, 0x00000000e3f00000|100%| O|  |TAMS 0x00000000e3e00000| PB 0x00000000e3e00000| Untracked 
|  63|0x00000000e3f00000, 0x00000000e4000000, 0x00000000e4000000|100%| O|  |TAMS 0x00000000e3f00000| PB 0x00000000e3f00000| Untracked 
|  64|0x00000000e4000000, 0x00000000e4100000, 0x00000000e4100000|100%| O|  |TAMS 0x00000000e4000000| PB 0x00000000e4000000| Untracked 
|  65|0x00000000e4100000, 0x00000000e4200000, 0x00000000e4200000|100%| O|  |TAMS 0x00000000e4100000| PB 0x00000000e4100000| Untracked 
|  66|0x00000000e4200000, 0x00000000e4300000, 0x00000000e4300000|100%| O|  |TAMS 0x00000000e4200000| PB 0x00000000e4200000| Untracked 
|  67|0x00000000e4300000, 0x00000000e4400000, 0x00000000e4400000|100%| O|  |TAMS 0x00000000e4300000| PB 0x00000000e4300000| Untracked 
|  68|0x00000000e4400000, 0x00000000e4500000, 0x00000000e4500000|100%| O|  |TAMS 0x00000000e4400000| PB 0x00000000e4400000| Untracked 
|  69|0x00000000e4500000, 0x00000000e4500000, 0x00000000e4600000|  0%| F|  |TAMS 0x00000000e4500000| PB 0x00000000e4500000| Untracked 
|  70|0x00000000e4600000, 0x00000000e4700000, 0x00000000e4700000|100%| O|  |TAMS 0x00000000e4600000| PB 0x00000000e4600000| Untracked 
|  71|0x00000000e4700000, 0x00000000e4800000, 0x00000000e4800000|100%| O|  |TAMS 0x00000000e4700000| PB 0x00000000e4700000| Untracked 
|  72|0x00000000e4800000, 0x00000000e4900000, 0x00000000e4900000|100%| O|  |TAMS 0x00000000e4800000| PB 0x00000000e4800000| Untracked 
|  73|0x00000000e4900000, 0x00000000e4a00000, 0x00000000e4a00000|100%| O|  |TAMS 0x00000000e4900000| PB 0x00000000e4900000| Untracked 
|  74|0x00000000e4a00000, 0x00000000e4b00000, 0x00000000e4b00000|100%| O|  |TAMS 0x00000000e4a00000| PB 0x00000000e4a00000| Untracked 
|  75|0x00000000e4b00000, 0x00000000e4c00000, 0x00000000e4c00000|100%| O|  |TAMS 0x00000000e4b00000| PB 0x00000000e4b00000| Untracked 
|  76|0x00000000e4c00000, 0x00000000e4d00000, 0x00000000e4d00000|100%| O|  |TAMS 0x00000000e4c00000| PB 0x00000000e4c00000| Untracked 
|  77|0x00000000e4d00000, 0x00000000e4e00000, 0x00000000e4e00000|100%| O|  |TAMS 0x00000000e4d00000| PB 0x00000000e4d00000| Untracked 
|  78|0x00000000e4e00000, 0x00000000e4e00000, 0x00000000e4f00000|  0%| F|  |TAMS 0x00000000e4e00000| PB 0x00000000e4e00000| Untracked 
|  79|0x00000000e4f00000, 0x00000000e5000000, 0x00000000e5000000|100%|HS|  |TAMS 0x00000000e4f00000| PB 0x00000000e4f00000| Complete 
|  80|0x00000000e5000000, 0x00000000e5100000, 0x00000000e5100000|100%|HC|  |TAMS 0x00000000e5000000| PB 0x00000000e5000000| Complete 
|  81|0x00000000e5100000, 0x00000000e5200000, 0x00000000e5200000|100%|HC|  |TAMS 0x00000000e5100000| PB 0x00000000e5100000| Complete 
|  82|0x00000000e5200000, 0x00000000e5300000, 0x00000000e5300000|100%|HC|  |TAMS 0x00000000e5200000| PB 0x00000000e5200000| Complete 
|  83|0x00000000e5300000, 0x00000000e5400000, 0x00000000e5400000|100%|HC|  |TAMS 0x00000000e5300000| PB 0x00000000e5300000| Complete 
|  84|0x00000000e5400000, 0x00000000e5500000, 0x00000000e5500000|100%|HC|  |TAMS 0x00000000e5400000| PB 0x00000000e5400000| Complete 
|  85|0x00000000e5500000, 0x00000000e5600000, 0x00000000e5600000|100%| O|  |TAMS 0x00000000e5500000| PB 0x00000000e5500000| Untracked 
|  86|0x00000000e5600000, 0x00000000e5700000, 0x00000000e5700000|100%| O|  |TAMS 0x00000000e5600000| PB 0x00000000e5600000| Untracked 
|  87|0x00000000e5700000, 0x00000000e5800000, 0x00000000e5800000|100%| O|  |TAMS 0x00000000e5700000| PB 0x00000000e5700000| Untracked 
|  88|0x00000000e5800000, 0x00000000e5900000, 0x00000000e5900000|100%| O|  |TAMS 0x00000000e5800000| PB 0x00000000e5800000| Untracked 
|  89|0x00000000e5900000, 0x00000000e5a00000, 0x00000000e5a00000|100%| O|  |TAMS 0x00000000e5900000| PB 0x00000000e5900000| Untracked 
|  90|0x00000000e5a00000, 0x00000000e5a80000, 0x00000000e5b00000| 50%| O|  |TAMS 0x00000000e5a00000| PB 0x00000000e5a00000| Untracked 
|  91|0x00000000e5b00000, 0x00000000e5c00000, 0x00000000e5c00000|100%|HS|  |TAMS 0x00000000e5b00000| PB 0x00000000e5b00000| Complete 
|  92|0x00000000e5c00000, 0x00000000e5d00000, 0x00000000e5d00000|100%|HC|  |TAMS 0x00000000e5c00000| PB 0x00000000e5c00000| Complete 
|  93|0x00000000e5d00000, 0x00000000e5d00000, 0x00000000e5e00000|  0%| F|  |TAMS 0x00000000e5d00000| PB 0x00000000e5d00000| Untracked 
|  94|0x00000000e5e00000, 0x00000000e5e00000, 0x00000000e5f00000|  0%| F|  |TAMS 0x00000000e5e00000| PB 0x00000000e5e00000| Untracked 
|  95|0x00000000e5f00000, 0x00000000e5f00000, 0x00000000e6000000|  0%| F|  |TAMS 0x00000000e5f00000| PB 0x00000000e5f00000| Untracked 
|  96|0x00000000e6000000, 0x00000000e6000000, 0x00000000e6100000|  0%| F|  |TAMS 0x00000000e6000000| PB 0x00000000e6000000| Untracked 
|  97|0x00000000e6100000, 0x00000000e6100000, 0x00000000e6200000|  0%| F|  |TAMS 0x00000000e6100000| PB 0x00000000e6100000| Untracked 
|  98|0x00000000e6200000, 0x00000000e6200000, 0x00000000e6300000|  0%| F|  |TAMS 0x00000000e6200000| PB 0x00000000e6200000| Untracked 
|  99|0x00000000e6300000, 0x00000000e6300000, 0x00000000e6400000|  0%| F|  |TAMS 0x00000000e6300000| PB 0x00000000e6300000| Untracked 
| 100|0x00000000e6400000, 0x00000000e6400000, 0x00000000e6500000|  0%| F|  |TAMS 0x00000000e6400000| PB 0x00000000e6400000| Untracked 
| 101|0x00000000e6500000, 0x00000000e6500000, 0x00000000e6600000|  0%| F|  |TAMS 0x00000000e6500000| PB 0x00000000e6500000| Untracked 
| 102|0x00000000e6600000, 0x00000000e6680000, 0x00000000e6700000| 50%| S|CS|TAMS 0x00000000e6600000| PB 0x00000000e6600000| Complete 
| 103|0x00000000e6700000, 0x00000000e6800000, 0x00000000e6800000|100%| O|  |TAMS 0x00000000e6700000| PB 0x00000000e6700000| Untracked 
| 104|0x00000000e6800000, 0x00000000e6900000, 0x00000000e6900000|100%| O|  |TAMS 0x00000000e6800000| PB 0x00000000e6800000| Untracked 
| 105|0x00000000e6900000, 0x00000000e6a00000, 0x00000000e6a00000|100%| O|  |TAMS 0x00000000e6900000| PB 0x00000000e6900000| Untracked 
| 106|0x00000000e6a00000, 0x00000000e6b00000, 0x00000000e6b00000|100%| S|CS|TAMS 0x00000000e6a00000| PB 0x00000000e6a00000| Complete 
| 107|0x00000000e6b00000, 0x00000000e6c00000, 0x00000000e6c00000|100%| S|CS|TAMS 0x00000000e6b00000| PB 0x00000000e6b00000| Complete 
| 108|0x00000000e6c00000, 0x00000000e6d00000, 0x00000000e6d00000|100%| S|CS|TAMS 0x00000000e6c00000| PB 0x00000000e6c00000| Complete 
| 109|0x00000000e6d00000, 0x00000000e6e00000, 0x00000000e6e00000|100%| S|CS|TAMS 0x00000000e6d00000| PB 0x00000000e6d00000| Complete 
| 110|0x00000000e6e00000, 0x00000000e6f00000, 0x00000000e6f00000|100%| S|CS|TAMS 0x00000000e6e00000| PB 0x00000000e6e00000| Complete 
| 111|0x00000000e6f00000, 0x00000000e7000000, 0x00000000e7000000|100%| S|CS|TAMS 0x00000000e6f00000| PB 0x00000000e6f00000| Complete 
| 112|0x00000000e7000000, 0x00000000e7100000, 0x00000000e7100000|100%| S|CS|TAMS 0x00000000e7000000| PB 0x00000000e7000000| Complete 
| 113|0x00000000e7100000, 0x00000000e7200000, 0x00000000e7200000|100%| S|CS|TAMS 0x00000000e7100000| PB 0x00000000e7100000| Complete 
| 114|0x00000000e7200000, 0x00000000e7300000, 0x00000000e7300000|100%| S|CS|TAMS 0x00000000e7200000| PB 0x00000000e7200000| Complete 
| 115|0x00000000e7300000, 0x00000000e7400000, 0x00000000e7400000|100%| S|CS|TAMS 0x00000000e7300000| PB 0x00000000e7300000| Complete 
| 116|0x00000000e7400000, 0x00000000e7500000, 0x00000000e7500000|100%| S|CS|TAMS 0x00000000e7400000| PB 0x00000000e7400000| Complete 
| 117|0x00000000e7500000, 0x00000000e7600000, 0x00000000e7600000|100%| S|CS|TAMS 0x00000000e7500000| PB 0x00000000e7500000| Complete 
| 118|0x00000000e7600000, 0x00000000e7700000, 0x00000000e7700000|100%| S|CS|TAMS 0x00000000e7600000| PB 0x00000000e7600000| Complete 
| 119|0x00000000e7700000, 0x00000000e7700000, 0x00000000e7800000|  0%| F|  |TAMS 0x00000000e7700000| PB 0x00000000e7700000| Untracked 
| 120|0x00000000e7800000, 0x00000000e7800000, 0x00000000e7900000|  0%| F|  |TAMS 0x00000000e7800000| PB 0x00000000e7800000| Untracked 
| 121|0x00000000e7900000, 0x00000000e7900000, 0x00000000e7a00000|  0%| F|  |TAMS 0x00000000e7900000| PB 0x00000000e7900000| Untracked 
| 122|0x00000000e7a00000, 0x00000000e7a00000, 0x00000000e7b00000|  0%| F|  |TAMS 0x00000000e7a00000| PB 0x00000000e7a00000| Untracked 
| 123|0x00000000e7b00000, 0x00000000e7b00000, 0x00000000e7c00000|  0%| F|  |TAMS 0x00000000e7b00000| PB 0x00000000e7b00000| Untracked 
| 124|0x00000000e7c00000, 0x00000000e7c00000, 0x00000000e7d00000|  0%| F|  |TAMS 0x00000000e7c00000| PB 0x00000000e7c00000| Untracked 
| 125|0x00000000e7d00000, 0x00000000e7d00000, 0x00000000e7e00000|  0%| F|  |TAMS 0x00000000e7d00000| PB 0x00000000e7d00000| Untracked 
| 126|0x00000000e7e00000, 0x00000000e7e00000, 0x00000000e7f00000|  0%| F|  |TAMS 0x00000000e7e00000| PB 0x00000000e7e00000| Untracked 
| 127|0x00000000e7f00000, 0x00000000e7f00000, 0x00000000e8000000|  0%| F|  |TAMS 0x00000000e7f00000| PB 0x00000000e7f00000| Untracked 
| 128|0x00000000e8000000, 0x00000000e8000000, 0x00000000e8100000|  0%| F|  |TAMS 0x00000000e8000000| PB 0x00000000e8000000| Untracked 
| 129|0x00000000e8100000, 0x00000000e8100000, 0x00000000e8200000|  0%| F|  |TAMS 0x00000000e8100000| PB 0x00000000e8100000| Untracked 
| 130|0x00000000e8200000, 0x00000000e8200000, 0x00000000e8300000|  0%| F|  |TAMS 0x00000000e8200000| PB 0x00000000e8200000| Untracked 
| 131|0x00000000e8300000, 0x00000000e8300000, 0x00000000e8400000|  0%| F|  |TAMS 0x00000000e8300000| PB 0x00000000e8300000| Untracked 
| 132|0x00000000e8400000, 0x00000000e8400000, 0x00000000e8500000|  0%| F|  |TAMS 0x00000000e8400000| PB 0x00000000e8400000| Untracked 
| 133|0x00000000e8500000, 0x00000000e8500000, 0x00000000e8600000|  0%| F|  |TAMS 0x00000000e8500000| PB 0x00000000e8500000| Untracked 
| 134|0x00000000e8600000, 0x00000000e8600000, 0x00000000e8700000|  0%| F|  |TAMS 0x00000000e8600000| PB 0x00000000e8600000| Untracked 
| 135|0x00000000e8700000, 0x00000000e8700000, 0x00000000e8800000|  0%| F|  |TAMS 0x00000000e8700000| PB 0x00000000e8700000| Untracked 
| 136|0x00000000e8800000, 0x00000000e8800000, 0x00000000e8900000|  0%| F|  |TAMS 0x00000000e8800000| PB 0x00000000e8800000| Untracked 
| 137|0x00000000e8900000, 0x00000000e8900000, 0x00000000e8a00000|  0%| F|  |TAMS 0x00000000e8900000| PB 0x00000000e8900000| Untracked 
| 138|0x00000000e8a00000, 0x00000000e8a00000, 0x00000000e8b00000|  0%| F|  |TAMS 0x00000000e8a00000| PB 0x00000000e8a00000| Untracked 
| 139|0x00000000e8b00000, 0x00000000e8b00000, 0x00000000e8c00000|  0%| F|  |TAMS 0x00000000e8b00000| PB 0x00000000e8b00000| Untracked 
| 140|0x00000000e8c00000, 0x00000000e8c00000, 0x00000000e8d00000|  0%| F|  |TAMS 0x00000000e8c00000| PB 0x00000000e8c00000| Untracked 
| 141|0x00000000e8d00000, 0x00000000e8d00000, 0x00000000e8e00000|  0%| F|  |TAMS 0x00000000e8d00000| PB 0x00000000e8d00000| Untracked 
| 142|0x00000000e8e00000, 0x00000000e8e00000, 0x00000000e8f00000|  0%| F|  |TAMS 0x00000000e8e00000| PB 0x00000000e8e00000| Untracked 
| 143|0x00000000e8f00000, 0x00000000e8f00000, 0x00000000e9000000|  0%| F|  |TAMS 0x00000000e8f00000| PB 0x00000000e8f00000| Untracked 
| 144|0x00000000e9000000, 0x00000000e9000000, 0x00000000e9100000|  0%| F|  |TAMS 0x00000000e9000000| PB 0x00000000e9000000| Untracked 
| 145|0x00000000e9100000, 0x00000000e9100000, 0x00000000e9200000|  0%| F|  |TAMS 0x00000000e9100000| PB 0x00000000e9100000| Untracked 
| 146|0x00000000e9200000, 0x00000000e9200000, 0x00000000e9300000|  0%| F|  |TAMS 0x00000000e9200000| PB 0x00000000e9200000| Untracked 
| 147|0x00000000e9300000, 0x00000000e9300000, 0x00000000e9400000|  0%| F|  |TAMS 0x00000000e9300000| PB 0x00000000e9300000| Untracked 
| 148|0x00000000e9400000, 0x00000000e9400000, 0x00000000e9500000|  0%| F|  |TAMS 0x00000000e9400000| PB 0x00000000e9400000| Untracked 
| 149|0x00000000e9500000, 0x00000000e9500000, 0x00000000e9600000|  0%| F|  |TAMS 0x00000000e9500000| PB 0x00000000e9500000| Untracked 
| 150|0x00000000e9600000, 0x00000000e9600000, 0x00000000e9700000|  0%| F|  |TAMS 0x00000000e9600000| PB 0x00000000e9600000| Untracked 
| 151|0x00000000e9700000, 0x00000000e9700000, 0x00000000e9800000|  0%| F|  |TAMS 0x00000000e9700000| PB 0x00000000e9700000| Untracked 
| 152|0x00000000e9800000, 0x00000000e9800000, 0x00000000e9900000|  0%| F|  |TAMS 0x00000000e9800000| PB 0x00000000e9800000| Untracked 
| 153|0x00000000e9900000, 0x00000000e9900000, 0x00000000e9a00000|  0%| F|  |TAMS 0x00000000e9900000| PB 0x00000000e9900000| Untracked 
| 154|0x00000000e9a00000, 0x00000000e9a00000, 0x00000000e9b00000|  0%| F|  |TAMS 0x00000000e9a00000| PB 0x00000000e9a00000| Untracked 
| 155|0x00000000e9b00000, 0x00000000e9b00000, 0x00000000e9c00000|  0%| F|  |TAMS 0x00000000e9b00000| PB 0x00000000e9b00000| Untracked 
| 156|0x00000000e9c00000, 0x00000000e9c00000, 0x00000000e9d00000|  0%| F|  |TAMS 0x00000000e9c00000| PB 0x00000000e9c00000| Untracked 
| 157|0x00000000e9d00000, 0x00000000e9d00000, 0x00000000e9e00000|  0%| F|  |TAMS 0x00000000e9d00000| PB 0x00000000e9d00000| Untracked 
| 158|0x00000000e9e00000, 0x00000000e9e00000, 0x00000000e9f00000|  0%| F|  |TAMS 0x00000000e9e00000| PB 0x00000000e9e00000| Untracked 
| 159|0x00000000e9f00000, 0x00000000e9f00000, 0x00000000ea000000|  0%| F|  |TAMS 0x00000000e9f00000| PB 0x00000000e9f00000| Untracked 
| 160|0x00000000ea000000, 0x00000000ea000000, 0x00000000ea100000|  0%| F|  |TAMS 0x00000000ea000000| PB 0x00000000ea000000| Untracked 
| 161|0x00000000ea100000, 0x00000000ea100000, 0x00000000ea200000|  0%| F|  |TAMS 0x00000000ea100000| PB 0x00000000ea100000| Untracked 
| 162|0x00000000ea200000, 0x00000000ea200000, 0x00000000ea300000|  0%| F|  |TAMS 0x00000000ea200000| PB 0x00000000ea200000| Untracked 
| 163|0x00000000ea300000, 0x00000000ea300000, 0x00000000ea400000|  0%| F|  |TAMS 0x00000000ea300000| PB 0x00000000ea300000| Untracked 
| 164|0x00000000ea400000, 0x00000000ea400000, 0x00000000ea500000|  0%| F|  |TAMS 0x00000000ea400000| PB 0x00000000ea400000| Untracked 
| 165|0x00000000ea500000, 0x00000000ea500000, 0x00000000ea600000|  0%| F|  |TAMS 0x00000000ea500000| PB 0x00000000ea500000| Untracked 
| 166|0x00000000ea600000, 0x00000000ea600000, 0x00000000ea700000|  0%| F|  |TAMS 0x00000000ea600000| PB 0x00000000ea600000| Untracked 
| 167|0x00000000ea700000, 0x00000000ea700000, 0x00000000ea800000|  0%| F|  |TAMS 0x00000000ea700000| PB 0x00000000ea700000| Untracked 
| 168|0x00000000ea800000, 0x00000000ea800000, 0x00000000ea900000|  0%| F|  |TAMS 0x00000000ea800000| PB 0x00000000ea800000| Untracked 
| 169|0x00000000ea900000, 0x00000000ea900000, 0x00000000eaa00000|  0%| F|  |TAMS 0x00000000ea900000| PB 0x00000000ea900000| Untracked 
| 170|0x00000000eaa00000, 0x00000000eaa00000, 0x00000000eab00000|  0%| F|  |TAMS 0x00000000eaa00000| PB 0x00000000eaa00000| Untracked 
| 171|0x00000000eab00000, 0x00000000eab00000, 0x00000000eac00000|  0%| F|  |TAMS 0x00000000eab00000| PB 0x00000000eab00000| Untracked 
| 172|0x00000000eac00000, 0x00000000eac00000, 0x00000000ead00000|  0%| F|  |TAMS 0x00000000eac00000| PB 0x00000000eac00000| Untracked 
| 173|0x00000000ead00000, 0x00000000ead00000, 0x00000000eae00000|  0%| F|  |TAMS 0x00000000ead00000| PB 0x00000000ead00000| Untracked 
| 174|0x00000000eae00000, 0x00000000eae00000, 0x00000000eaf00000|  0%| F|  |TAMS 0x00000000eae00000| PB 0x00000000eae00000| Untracked 
| 175|0x00000000eaf00000, 0x00000000eaf00000, 0x00000000eb000000|  0%| F|  |TAMS 0x00000000eaf00000| PB 0x00000000eaf00000| Untracked 
| 176|0x00000000eb000000, 0x00000000eb000000, 0x00000000eb100000|  0%| F|  |TAMS 0x00000000eb000000| PB 0x00000000eb000000| Untracked 
| 177|0x00000000eb100000, 0x00000000eb100000, 0x00000000eb200000|  0%| F|  |TAMS 0x00000000eb100000| PB 0x00000000eb100000| Untracked 
| 178|0x00000000eb200000, 0x00000000eb200000, 0x00000000eb300000|  0%| F|  |TAMS 0x00000000eb200000| PB 0x00000000eb200000| Untracked 
| 179|0x00000000eb300000, 0x00000000eb300000, 0x00000000eb400000|  0%| F|  |TAMS 0x00000000eb300000| PB 0x00000000eb300000| Untracked 
| 180|0x00000000eb400000, 0x00000000eb400000, 0x00000000eb500000|  0%| F|  |TAMS 0x00000000eb400000| PB 0x00000000eb400000| Untracked 
| 181|0x00000000eb500000, 0x00000000eb500000, 0x00000000eb600000|  0%| F|  |TAMS 0x00000000eb500000| PB 0x00000000eb500000| Untracked 
| 182|0x00000000eb600000, 0x00000000eb600000, 0x00000000eb700000|  0%| F|  |TAMS 0x00000000eb600000| PB 0x00000000eb600000| Untracked 
| 183|0x00000000eb700000, 0x00000000eb700000, 0x00000000eb800000|  0%| F|  |TAMS 0x00000000eb700000| PB 0x00000000eb700000| Untracked 
| 184|0x00000000eb800000, 0x00000000eb800000, 0x00000000eb900000|  0%| F|  |TAMS 0x00000000eb800000| PB 0x00000000eb800000| Untracked 
| 185|0x00000000eb900000, 0x00000000eb900000, 0x00000000eba00000|  0%| F|  |TAMS 0x00000000eb900000| PB 0x00000000eb900000| Untracked 
| 186|0x00000000eba00000, 0x00000000eba00000, 0x00000000ebb00000|  0%| F|  |TAMS 0x00000000eba00000| PB 0x00000000eba00000| Untracked 
| 187|0x00000000ebb00000, 0x00000000ebb00000, 0x00000000ebc00000|  0%| F|  |TAMS 0x00000000ebb00000| PB 0x00000000ebb00000| Untracked 
| 188|0x00000000ebc00000, 0x00000000ebc00000, 0x00000000ebd00000|  0%| F|  |TAMS 0x00000000ebc00000| PB 0x00000000ebc00000| Untracked 
| 189|0x00000000ebd00000, 0x00000000ebd00000, 0x00000000ebe00000|  0%| F|  |TAMS 0x00000000ebd00000| PB 0x00000000ebd00000| Untracked 
| 190|0x00000000ebe00000, 0x00000000ebe00000, 0x00000000ebf00000|  0%| F|  |TAMS 0x00000000ebe00000| PB 0x00000000ebe00000| Untracked 
| 191|0x00000000ebf00000, 0x00000000ebf00000, 0x00000000ec000000|  0%| F|  |TAMS 0x00000000ebf00000| PB 0x00000000ebf00000| Untracked 
| 192|0x00000000ec000000, 0x00000000ec000000, 0x00000000ec100000|  0%| F|  |TAMS 0x00000000ec000000| PB 0x00000000ec000000| Untracked 
| 193|0x00000000ec100000, 0x00000000ec100000, 0x00000000ec200000|  0%| F|  |TAMS 0x00000000ec100000| PB 0x00000000ec100000| Untracked 
| 194|0x00000000ec200000, 0x00000000ec200000, 0x00000000ec300000|  0%| F|  |TAMS 0x00000000ec200000| PB 0x00000000ec200000| Untracked 
| 195|0x00000000ec300000, 0x00000000ec300000, 0x00000000ec400000|  0%| F|  |TAMS 0x00000000ec300000| PB 0x00000000ec300000| Untracked 
| 196|0x00000000ec400000, 0x00000000ec400000, 0x00000000ec500000|  0%| F|  |TAMS 0x00000000ec400000| PB 0x00000000ec400000| Untracked 
| 197|0x00000000ec500000, 0x00000000ec500000, 0x00000000ec600000|  0%| F|  |TAMS 0x00000000ec500000| PB 0x00000000ec500000| Untracked 
| 198|0x00000000ec600000, 0x00000000ec600000, 0x00000000ec700000|  0%| F|  |TAMS 0x00000000ec600000| PB 0x00000000ec600000| Untracked 
| 199|0x00000000ec700000, 0x00000000ec700000, 0x00000000ec800000|  0%| F|  |TAMS 0x00000000ec700000| PB 0x00000000ec700000| Untracked 
| 200|0x00000000ec800000, 0x00000000ec800000, 0x00000000ec900000|  0%| F|  |TAMS 0x00000000ec800000| PB 0x00000000ec800000| Untracked 
| 201|0x00000000ec900000, 0x00000000ec900000, 0x00000000eca00000|  0%| F|  |TAMS 0x00000000ec900000| PB 0x00000000ec900000| Untracked 
| 202|0x00000000eca00000, 0x00000000eca00000, 0x00000000ecb00000|  0%| F|  |TAMS 0x00000000eca00000| PB 0x00000000eca00000| Untracked 
| 203|0x00000000ecb00000, 0x00000000ecb00000, 0x00000000ecc00000|  0%| F|  |TAMS 0x00000000ecb00000| PB 0x00000000ecb00000| Untracked 
| 204|0x00000000ecc00000, 0x00000000ecc00000, 0x00000000ecd00000|  0%| F|  |TAMS 0x00000000ecc00000| PB 0x00000000ecc00000| Untracked 
| 205|0x00000000ecd00000, 0x00000000ecd00000, 0x00000000ece00000|  0%| F|  |TAMS 0x00000000ecd00000| PB 0x00000000ecd00000| Untracked 
| 206|0x00000000ece00000, 0x00000000ece00000, 0x00000000ecf00000|  0%| F|  |TAMS 0x00000000ece00000| PB 0x00000000ece00000| Untracked 
| 207|0x00000000ecf00000, 0x00000000ecf00000, 0x00000000ed000000|  0%| F|  |TAMS 0x00000000ecf00000| PB 0x00000000ecf00000| Untracked 
| 208|0x00000000ed000000, 0x00000000ed000000, 0x00000000ed100000|  0%| F|  |TAMS 0x00000000ed000000| PB 0x00000000ed000000| Untracked 
| 209|0x00000000ed100000, 0x00000000ed100000, 0x00000000ed200000|  0%| F|  |TAMS 0x00000000ed100000| PB 0x00000000ed100000| Untracked 
| 210|0x00000000ed200000, 0x00000000ed200000, 0x00000000ed300000|  0%| F|  |TAMS 0x00000000ed200000| PB 0x00000000ed200000| Untracked 
| 211|0x00000000ed300000, 0x00000000ed300000, 0x00000000ed400000|  0%| F|  |TAMS 0x00000000ed300000| PB 0x00000000ed300000| Untracked 
| 212|0x00000000ed400000, 0x00000000ed400000, 0x00000000ed500000|  0%| F|  |TAMS 0x00000000ed400000| PB 0x00000000ed400000| Untracked 
| 213|0x00000000ed500000, 0x00000000ed500000, 0x00000000ed600000|  0%| F|  |TAMS 0x00000000ed500000| PB 0x00000000ed500000| Untracked 
| 214|0x00000000ed600000, 0x00000000ed600000, 0x00000000ed700000|  0%| F|  |TAMS 0x00000000ed600000| PB 0x00000000ed600000| Untracked 
| 215|0x00000000ed700000, 0x00000000ed700000, 0x00000000ed800000|  0%| F|  |TAMS 0x00000000ed700000| PB 0x00000000ed700000| Untracked 
| 216|0x00000000ed800000, 0x00000000ed800000, 0x00000000ed900000|  0%| F|  |TAMS 0x00000000ed800000| PB 0x00000000ed800000| Untracked 
| 217|0x00000000ed900000, 0x00000000ed900000, 0x00000000eda00000|  0%| F|  |TAMS 0x00000000ed900000| PB 0x00000000ed900000| Untracked 
| 218|0x00000000eda00000, 0x00000000eda00000, 0x00000000edb00000|  0%| F|  |TAMS 0x00000000eda00000| PB 0x00000000eda00000| Untracked 
| 219|0x00000000edb00000, 0x00000000edb00000, 0x00000000edc00000|  0%| F|  |TAMS 0x00000000edb00000| PB 0x00000000edb00000| Untracked 
| 220|0x00000000edc00000, 0x00000000edc00000, 0x00000000edd00000|  0%| F|  |TAMS 0x00000000edc00000| PB 0x00000000edc00000| Untracked 
| 221|0x00000000edd00000, 0x00000000edd00000, 0x00000000ede00000|  0%| F|  |TAMS 0x00000000edd00000| PB 0x00000000edd00000| Untracked 
| 222|0x00000000ede00000, 0x00000000ede00000, 0x00000000edf00000|  0%| F|  |TAMS 0x00000000ede00000| PB 0x00000000ede00000| Untracked 
| 223|0x00000000edf00000, 0x00000000edf80000, 0x00000000ee000000| 50%| E|  |TAMS 0x00000000edf00000| PB 0x00000000edf00000| Complete 
| 224|0x00000000ee000000, 0x00000000ee100000, 0x00000000ee100000|100%| E|CS|TAMS 0x00000000ee000000| PB 0x00000000ee000000| Complete 
| 225|0x00000000ee100000, 0x00000000ee200000, 0x00000000ee200000|100%| E|CS|TAMS 0x00000000ee100000| PB 0x00000000ee100000| Complete 
| 226|0x00000000ee200000, 0x00000000ee300000, 0x00000000ee300000|100%| E|CS|TAMS 0x00000000ee200000| PB 0x00000000ee200000| Complete 
| 227|0x00000000ee300000, 0x00000000ee400000, 0x00000000ee400000|100%| E|CS|TAMS 0x00000000ee300000| PB 0x00000000ee300000| Complete 
| 228|0x00000000ee400000, 0x00000000ee500000, 0x00000000ee500000|100%| E|CS|TAMS 0x00000000ee400000| PB 0x00000000ee400000| Complete 
| 229|0x00000000ee500000, 0x00000000ee600000, 0x00000000ee600000|100%| E|CS|TAMS 0x00000000ee500000| PB 0x00000000ee500000| Complete 
| 230|0x00000000ee600000, 0x00000000ee700000, 0x00000000ee700000|100%| E|CS|TAMS 0x00000000ee600000| PB 0x00000000ee600000| Complete 
| 231|0x00000000ee700000, 0x00000000ee800000, 0x00000000ee800000|100%| E|CS|TAMS 0x00000000ee700000| PB 0x00000000ee700000| Complete 
| 232|0x00000000ee800000, 0x00000000ee900000, 0x00000000ee900000|100%| E|CS|TAMS 0x00000000ee800000| PB 0x00000000ee800000| Complete 
| 233|0x00000000ee900000, 0x00000000eea00000, 0x00000000eea00000|100%| E|CS|TAMS 0x00000000ee900000| PB 0x00000000ee900000| Complete 
| 234|0x00000000eea00000, 0x00000000eeb00000, 0x00000000eeb00000|100%| E|CS|TAMS 0x00000000eea00000| PB 0x00000000eea00000| Complete 
| 235|0x00000000eeb00000, 0x00000000eec00000, 0x00000000eec00000|100%| E|CS|TAMS 0x00000000eeb00000| PB 0x00000000eeb00000| Complete 
| 236|0x00000000eec00000, 0x00000000eed00000, 0x00000000eed00000|100%| E|CS|TAMS 0x00000000eec00000| PB 0x00000000eec00000| Complete 
| 237|0x00000000eed00000, 0x00000000eee00000, 0x00000000eee00000|100%| E|CS|TAMS 0x00000000eed00000| PB 0x00000000eed00000| Complete 
| 238|0x00000000eee00000, 0x00000000eef00000, 0x00000000eef00000|100%| E|CS|TAMS 0x00000000eee00000| PB 0x00000000eee00000| Complete 
| 239|0x00000000eef00000, 0x00000000ef000000, 0x00000000ef000000|100%| E|CS|TAMS 0x00000000eef00000| PB 0x00000000eef00000| Complete 
| 240|0x00000000ef000000, 0x00000000ef100000, 0x00000000ef100000|100%| E|CS|TAMS 0x00000000ef000000| PB 0x00000000ef000000| Complete 
| 241|0x00000000ef100000, 0x00000000ef200000, 0x00000000ef200000|100%| E|CS|TAMS 0x00000000ef100000| PB 0x00000000ef100000| Complete 
| 242|0x00000000ef200000, 0x00000000ef300000, 0x00000000ef300000|100%| E|CS|TAMS 0x00000000ef200000| PB 0x00000000ef200000| Complete 
| 243|0x00000000ef300000, 0x00000000ef400000, 0x00000000ef400000|100%| E|CS|TAMS 0x00000000ef300000| PB 0x00000000ef300000| Complete 
| 244|0x00000000ef400000, 0x00000000ef500000, 0x00000000ef500000|100%| E|CS|TAMS 0x00000000ef400000| PB 0x00000000ef400000| Complete 
| 245|0x00000000ef500000, 0x00000000ef600000, 0x00000000ef600000|100%| E|CS|TAMS 0x00000000ef500000| PB 0x00000000ef500000| Complete 
| 246|0x00000000ef600000, 0x00000000ef700000, 0x00000000ef700000|100%| E|CS|TAMS 0x00000000ef600000| PB 0x00000000ef600000| Complete 
| 247|0x00000000ef700000, 0x00000000ef800000, 0x00000000ef800000|100%| E|CS|TAMS 0x00000000ef700000| PB 0x00000000ef700000| Complete 
| 248|0x00000000ef800000, 0x00000000ef900000, 0x00000000ef900000|100%| E|CS|TAMS 0x00000000ef800000| PB 0x00000000ef800000| Complete 
| 249|0x00000000ef900000, 0x00000000efa00000, 0x00000000efa00000|100%| E|CS|TAMS 0x00000000ef900000| PB 0x00000000ef900000| Complete 
| 250|0x00000000efa00000, 0x00000000efb00000, 0x00000000efb00000|100%| E|CS|TAMS 0x00000000efa00000| PB 0x00000000efa00000| Complete 
| 251|0x00000000efb00000, 0x00000000efc00000, 0x00000000efc00000|100%| E|CS|TAMS 0x00000000efb00000| PB 0x00000000efb00000| Complete 
| 252|0x00000000efc00000, 0x00000000efd00000, 0x00000000efd00000|100%| E|CS|TAMS 0x00000000efc00000| PB 0x00000000efc00000| Complete 
| 253|0x00000000efd00000, 0x00000000efe00000, 0x00000000efe00000|100%| E|CS|TAMS 0x00000000efd00000| PB 0x00000000efd00000| Complete 
| 254|0x00000000efe00000, 0x00000000eff00000, 0x00000000eff00000|100%| E|CS|TAMS 0x00000000efe00000| PB 0x00000000efe00000| Complete 
| 255|0x00000000eff00000, 0x00000000f0000000, 0x00000000f0000000|100%| E|CS|TAMS 0x00000000eff00000| PB 0x00000000eff00000| Complete 

Card table byte_map: [0x0000022d13770000,0x0000022d13870000] _byte_map_base: 0x0000022d13070000

Marking Bits: (CMBitMap*) 0x0000022d13ac9b90
 Bits: [0x0000022d25cb0000, 0x0000022d264b0000)

Polling page: 0x0000022d11920000

Metaspace:

Usage:
  Non-class:    111.19 MB used.
      Class:     16.47 MB used.
       Both:    127.66 MB used.

Virtual space:
  Non-class space:      128.00 MB reserved,     112.19 MB ( 88%) committed,  2 nodes.
      Class space:      320.00 MB reserved,      17.50 MB (  5%) committed,  1 nodes.
             Both:      448.00 MB reserved,     129.69 MB ( 29%) committed. 

Chunk freelists:
   Non-Class:  15.50 MB
       Class:  14.39 MB
        Both:  29.89 MB

MaxMetaspaceSize: 384.00 MB
CompressedClassSpaceSize: 320.00 MB
Initial GC threshold: 21.00 MB
Current GC threshold: 163.88 MB
CDS: on
 - commit_granule_bytes: 65536.
 - commit_granule_words: 8192.
 - virtual_space_node_default_size: 8388608.
 - enlarge_chunks_in_place: 1.
 - use_allocation_guard: 0.


Internal statistics:

num_allocs_failed_limit: 12.
num_arena_births: 3848.
num_arena_deaths: 2.
num_vsnodes_births: 3.
num_vsnodes_deaths: 0.
num_space_committed: 2073.
num_space_uncommitted: 0.
num_chunks_returned_to_freelist: 20.
num_chunks_taken_from_freelist: 8879.
num_chunk_merges: 13.
num_chunk_splits: 6414.
num_chunks_enlarged: 4615.
num_inconsistent_stats: 0.

CodeHeap 'non-profiled nmethods': size=120064Kb used=9895Kb max_used=9989Kb free=110168Kb
 bounds [0x0000022d1e770000, 0x0000022d1f140000, 0x0000022d25cb0000]
CodeHeap 'profiled nmethods': size=120000Kb used=28025Kb max_used=28025Kb free=91974Kb
 bounds [0x0000022d16cb0000, 0x0000022d18810000, 0x0000022d1e1e0000]
CodeHeap 'non-nmethods': size=5696Kb used=2936Kb max_used=2979Kb free=2759Kb
 bounds [0x0000022d1e1e0000, 0x0000022d1e4d0000, 0x0000022d1e770000]
CodeCache: size=245760Kb, used=40856Kb, max_used=40993Kb, free=204901Kb
 total_blobs=14708, nmethods=13534, adapters=1075, full_count=0
Compilation: enabled, stopped_count=0, restarted_count=0

Compilation events (20 events):
Event: 325.187 Thread 0x0000022d287acce0 15713       3       org.gradle.cache.internal.ExclusiveCacheAccessingWorker$$Lambda/0x0000022d2a5ec8b8::call (10 bytes)
Event: 325.187 Thread 0x0000022d287acce0 nmethod 15713 0x0000022d18803d10 code [0x0000022d18803ec0, 0x0000022d18804098]
Event: 325.187 Thread 0x0000022d287acce0 15714       3       org.gradle.cache.internal.AsyncCacheAccessDecoratedCache$$Lambda/0x0000022d2a5ec690::get (12 bytes)
Event: 325.187 Thread 0x0000022d287acce0 nmethod 15714 0x0000022d18804190 code [0x0000022d18804340, 0x0000022d18804588]
Event: 325.188 Thread 0x0000022d287acce0 15715       3       com.google.common.cache.AbstractCache$SimpleStatsCounter::recordLoadSuccess (20 bytes)
Event: 325.188 Thread 0x0000022d287acce0 nmethod 15715 0x0000022d18804690 code [0x0000022d18804860, 0x0000022d18804b00]
Event: 325.189 Thread 0x0000022d287acce0 15716       3       com.google.common.cache.AbstractCache$SimpleStatsCounter::recordMisses (12 bytes)
Event: 325.189 Thread 0x0000022d287acce0 nmethod 15716 0x0000022d18804c90 code [0x0000022d18804e40, 0x0000022d18804fd8]
Event: 325.192 Thread 0x0000022d287acce0 15717       3       org.gradle.internal.snapshot.LargeChildMap::withNode (45 bytes)
Event: 325.194 Thread 0x0000022d287acce0 nmethod 15717 0x0000022d18805110 code [0x0000022d18805420, 0x0000022d18806698]
Event: 325.202 Thread 0x0000022d287acce0 15719       3       org.gradle.internal.snapshot.SingletonChildMap$2::withReplacedChild (16 bytes)
Event: 325.202 Thread 0x0000022d287acce0 nmethod 15719 0x0000022d18806d10 code [0x0000022d18806ee0, 0x0000022d18807140]
Event: 325.204 Thread 0x0000022d287acce0 15720       3       org.gradle.internal.snapshot.SingletonChildMap::withReplacedChild (43 bytes)
Event: 325.205 Thread 0x0000022d287acce0 nmethod 15720 0x0000022d18807310 code [0x0000022d18807500, 0x0000022d18807918]
Event: 325.205 Thread 0x0000022d287acce0 15721       3       org.gradle.internal.Try::<init> (5 bytes)
Event: 325.206 Thread 0x0000022d287acce0 nmethod 15721 0x0000022d18807b10 code [0x0000022d18807cc0, 0x0000022d18807e88]
Event: 325.206 Thread 0x0000022d287acce0 15722       3       org.gradle.internal.Try::successful (9 bytes)
Event: 325.206 Thread 0x0000022d287acce0 nmethod 15722 0x0000022d18807f90 code [0x0000022d18808160, 0x0000022d18808478]
Event: 325.209 Thread 0x0000022d287acce0 15724       1       org.gradle.internal.snapshot.SingletonChildMap$1::getChildMap (5 bytes)
Event: 325.210 Thread 0x0000022d287acce0 nmethod 15724 0x0000022d1eb38410 code [0x0000022d1eb385a0, 0x0000022d1eb38668]

GC Heap History (20 events):
Event: 231.967 GC heap before
{Heap before GC invocations=56 (full 0):
 garbage-first heap   total 262144K, used 229980K [0x00000000e0000000, 0x0000000100000000)
  region size 1024K, 153 young (156672K), 9 survivors (9216K)
 Metaspace       used 50216K, committed 51584K, reserved 393216K
  class space    used 6824K, committed 7488K, reserved 327680K
}
Event: 231.994 GC heap after
{Heap after GC invocations=57 (full 0):
 garbage-first heap   total 262144K, used 84441K [0x00000000e0000000, 0x0000000100000000)
  region size 1024K, 10 young (10240K), 10 survivors (10240K)
 Metaspace       used 50216K, committed 51584K, reserved 393216K
  class space    used 6824K, committed 7488K, reserved 327680K
}
Event: 234.563 GC heap before
{Heap before GC invocations=57 (full 0):
 garbage-first heap   total 262144K, used 237017K [0x00000000e0000000, 0x0000000100000000)
  region size 1024K, 153 young (156672K), 10 survivors (10240K)
 Metaspace       used 50308K, committed 51584K, reserved 393216K
  class space    used 6838K, committed 7488K, reserved 327680K
}
Event: 234.575 GC heap after
{Heap after GC invocations=58 (full 0):
 garbage-first heap   total 262144K, used 69302K [0x00000000e0000000, 0x0000000100000000)
  region size 1024K, 2 young (2048K), 2 survivors (2048K)
 Metaspace       used 50308K, committed 51584K, reserved 393216K
  class space    used 6838K, committed 7488K, reserved 327680K
}
Event: 237.387 GC heap before
{Heap before GC invocations=58 (full 0):
 garbage-first heap   total 262144K, used 223926K [0x00000000e0000000, 0x0000000100000000)
  region size 1024K, 153 young (156672K), 2 survivors (2048K)
 Metaspace       used 50316K, committed 51648K, reserved 393216K
  class space    used 6838K, committed 7488K, reserved 327680K
}
Event: 237.398 GC heap after
{Heap after GC invocations=59 (full 0):
 garbage-first heap   total 262144K, used 69150K [0x00000000e0000000, 0x0000000100000000)
  region size 1024K, 2 young (2048K), 2 survivors (2048K)
 Metaspace       used 50316K, committed 51648K, reserved 393216K
  class space    used 6838K, committed 7488K, reserved 327680K
}
Event: 241.605 GC heap before
{Heap before GC invocations=59 (full 0):
 garbage-first heap   total 262144K, used 176670K [0x00000000e0000000, 0x0000000100000000)
  region size 1024K, 108 young (110592K), 2 survivors (2048K)
 Metaspace       used 58963K, committed 60288K, reserved 393216K
  class space    used 8417K, committed 9088K, reserved 327680K
}
Event: 241.622 GC heap after
{Heap after GC invocations=60 (full 0):
 garbage-first heap   total 262144K, used 70863K [0x00000000e0000000, 0x0000000100000000)
  region size 1024K, 3 young (3072K), 3 survivors (3072K)
 Metaspace       used 58963K, committed 60288K, reserved 393216K
  class space    used 8417K, committed 9088K, reserved 327680K
}
Event: 250.884 GC heap before
{Heap before GC invocations=61 (full 0):
 garbage-first heap   total 262144K, used 233679K [0x00000000e0000000, 0x0000000100000000)
  region size 1024K, 153 young (156672K), 3 survivors (3072K)
 Metaspace       used 75214K, committed 76544K, reserved 458752K
  class space    used 10287K, committed 10944K, reserved 327680K
}
Event: 250.963 GC heap after
{Heap after GC invocations=62 (full 0):
 garbage-first heap   total 262144K, used 88637K [0x00000000e0000000, 0x0000000100000000)
  region size 1024K, 18 young (18432K), 18 survivors (18432K)
 Metaspace       used 75214K, committed 76544K, reserved 458752K
  class space    used 10287K, committed 10944K, reserved 327680K
}
Event: 260.835 GC heap before
{Heap before GC invocations=62 (full 0):
 garbage-first heap   total 262144K, used 227901K [0x00000000e0000000, 0x0000000100000000)
  region size 1024K, 153 young (156672K), 18 survivors (18432K)
 Metaspace       used 89206K, committed 90944K, reserved 458752K
  class space    used 11936K, committed 12800K, reserved 327680K
}
Event: 260.948 GC heap after
{Heap after GC invocations=63 (full 0):
 garbage-first heap   total 262144K, used 90112K [0x00000000e0000000, 0x0000000100000000)
  region size 1024K, 9 young (9216K), 9 survivors (9216K)
 Metaspace       used 89206K, committed 90944K, reserved 458752K
  class space    used 11936K, committed 12800K, reserved 327680K
}
Event: 267.287 GC heap before
{Heap before GC invocations=63 (full 0):
 garbage-first heap   total 262144K, used 187392K [0x00000000e0000000, 0x0000000100000000)
  region size 1024K, 105 young (107520K), 9 survivors (9216K)
 Metaspace       used 98837K, committed 100608K, reserved 458752K
  class space    used 13028K, committed 13952K, reserved 327680K
}
Event: 267.339 GC heap after
{Heap after GC invocations=64 (full 0):
 garbage-first heap   total 262144K, used 96256K [0x00000000e0000000, 0x0000000100000000)
  region size 1024K, 15 young (15360K), 15 survivors (15360K)
 Metaspace       used 98837K, committed 100608K, reserved 458752K
  class space    used 13028K, committed 13952K, reserved 327680K
}
Event: 276.700 GC heap before
{Heap before GC invocations=65 (full 0):
 garbage-first heap   total 262144K, used 229376K [0x00000000e0000000, 0x0000000100000000)
  region size 1024K, 145 young (148480K), 15 survivors (15360K)
 Metaspace       used 114038K, committed 116032K, reserved 458752K
  class space    used 14808K, committed 15808K, reserved 327680K
}
Event: 276.775 GC heap after
{Heap after GC invocations=66 (full 0):
 garbage-first heap   total 262144K, used 103936K [0x00000000e0000000, 0x0000000100000000)
  region size 1024K, 15 young (15360K), 15 survivors (15360K)
 Metaspace       used 114038K, committed 116032K, reserved 458752K
  class space    used 14808K, committed 15808K, reserved 327680K
}
Event: 291.986 GC heap before
{Heap before GC invocations=66 (full 0):
 garbage-first heap   total 262144K, used 229888K [0x00000000e0000000, 0x0000000100000000)
  region size 1024K, 139 young (142336K), 15 survivors (15360K)
 Metaspace       used 127882K, committed 129984K, reserved 458752K
  class space    used 16602K, committed 17664K, reserved 327680K
}
Event: 292.043 GC heap after
{Heap after GC invocations=67 (full 0):
 garbage-first heap   total 262144K, used 101376K [0x00000000e0000000, 0x0000000100000000)
  region size 1024K, 9 young (9216K), 9 survivors (9216K)
 Metaspace       used 127882K, committed 129984K, reserved 458752K
  class space    used 16602K, committed 17664K, reserved 327680K
}
Event: 323.895 GC heap before
{Heap before GC invocations=67 (full 0):
 garbage-first heap   total 262144K, used 234496K [0x00000000e0000000, 0x0000000100000000)
  region size 1024K, 137 young (140288K), 9 survivors (9216K)
 Metaspace       used 130699K, committed 132800K, reserved 458752K
  class space    used 16867K, committed 17920K, reserved 327680K
}
Event: 323.945 GC heap after
{Heap after GC invocations=68 (full 0):
 garbage-first heap   total 262144K, used 108544K [0x00000000e0000000, 0x0000000100000000)
  region size 1024K, 14 young (14336K), 14 survivors (14336K)
 Metaspace       used 130699K, committed 132800K, reserved 458752K
  class space    used 16867K, committed 17920K, reserved 327680K
}

Dll operation events (14 events):
Event: 0.058 Loaded shared library C:\Users\Adriano\.vscode\extensions\redhat.java-1.54.0-win32-x64\jre\21.0.10-win32-x86_64\bin\java.dll
Event: 0.709 Loaded shared library C:\Users\Adriano\.vscode\extensions\redhat.java-1.54.0-win32-x64\jre\21.0.10-win32-x86_64\bin\zip.dll
Event: 0.865 Loaded shared library C:\Users\Adriano\.vscode\extensions\redhat.java-1.54.0-win32-x64\jre\21.0.10-win32-x86_64\bin\instrument.dll
Event: 0.884 Loaded shared library C:\Users\Adriano\.vscode\extensions\redhat.java-1.54.0-win32-x64\jre\21.0.10-win32-x86_64\bin\net.dll
Event: 0.889 Loaded shared library C:\Users\Adriano\.vscode\extensions\redhat.java-1.54.0-win32-x64\jre\21.0.10-win32-x86_64\bin\nio.dll
Event: 0.899 Loaded shared library C:\Users\Adriano\.vscode\extensions\redhat.java-1.54.0-win32-x64\jre\21.0.10-win32-x86_64\bin\zip.dll
Event: 2.647 Loaded shared library C:\Users\Adriano\.vscode\extensions\redhat.java-1.54.0-win32-x64\jre\21.0.10-win32-x86_64\bin\jimage.dll
Event: 4.156 Loaded shared library C:\Users\Adriano\.vscode\extensions\redhat.java-1.54.0-win32-x64\jre\21.0.10-win32-x86_64\bin\verify.dll
Event: 6.077 Loaded shared library C:\Users\Adriano\.gradle\native\c067742578af261105cb4f569cf0c3c89f3d7b1fecec35dd04571415982c5e48\windows-amd64\native-platform.dll
Event: 6.256 Loaded shared library C:\Users\Adriano\.gradle\native\100fb08df4bc3b14c8652ba06237920a3bd2aa13389f12d3474272988ae205f9\windows-amd64\native-platform-file-events.dll
Event: 16.037 Loaded shared library C:\Users\Adriano\.vscode\extensions\redhat.java-1.54.0-win32-x64\jre\21.0.10-win32-x86_64\bin\management.dll
Event: 16.062 Loaded shared library C:\Users\Adriano\.vscode\extensions\redhat.java-1.54.0-win32-x64\jre\21.0.10-win32-x86_64\bin\management_ext.dll
Event: 18.036 Loaded shared library C:\Users\Adriano\.vscode\extensions\redhat.java-1.54.0-win32-x64\jre\21.0.10-win32-x86_64\bin\extnet.dll
Event: 19.227 Loaded shared library C:\Users\Adriano\.vscode\extensions\redhat.java-1.54.0-win32-x64\jre\21.0.10-win32-x86_64\bin\sunmscapi.dll

Deoptimization events (20 events):
Event: 323.370 Thread 0x0000022d42f47440 DEOPT UNPACKING pc=0x0000022d1e234b23 sp=0x000000d6191f1cc8 mode 0
Event: 323.377 Thread 0x0000022d42f47440 DEOPT PACKING pc=0x0000022d187a8712 sp=0x000000d6191f2810
Event: 323.377 Thread 0x0000022d42f47440 DEOPT UNPACKING pc=0x0000022d1e234b23 sp=0x000000d6191f1cc8 mode 0
Event: 323.386 Thread 0x0000022d42f47440 DEOPT PACKING pc=0x0000022d187a8712 sp=0x000000d6191f2810
Event: 323.386 Thread 0x0000022d42f47440 DEOPT UNPACKING pc=0x0000022d1e234b23 sp=0x000000d6191f1cc8 mode 0
Event: 323.392 Thread 0x0000022d42f47440 DEOPT PACKING pc=0x0000022d187a8712 sp=0x000000d6191f2810
Event: 323.392 Thread 0x0000022d42f47440 DEOPT UNPACKING pc=0x0000022d1e234b23 sp=0x000000d6191f1cc8 mode 0
Event: 323.392 Thread 0x0000022d47052130 DEOPT UNPACKING pc=0x0000022d1e234b23 sp=0x000000d61acfaad8 mode 0
Event: 324.740 Thread 0x0000022d47052130 Uncommon trap: trap_request=0xffffff6e fr.pc=0x0000022d1eb48d18 relative=0x0000000000005438
Event: 324.740 Thread 0x0000022d47052130 Uncommon trap: reason=loop_limit_check action=maybe_recompile pc=0x0000022d1eb48d18 method=com.google.common.base.CharMatcher.lastIndexIn(Ljava/lang/CharSequence;)I @ 10 c2
Event: 324.740 Thread 0x0000022d47052130 DEOPT PACKING pc=0x0000022d1eb48d18 sp=0x000000d61acfb470
Event: 324.740 Thread 0x0000022d47052130 DEOPT UNPACKING pc=0x0000022d1e23439c sp=0x000000d61acfb288 mode 2
Event: 324.742 Thread 0x0000022d47052130 Uncommon trap: trap_request=0xffffff6e fr.pc=0x0000022d1eb3fa30 relative=0x0000000000000d50
Event: 324.742 Thread 0x0000022d47052130 Uncommon trap: reason=loop_limit_check action=maybe_recompile pc=0x0000022d1eb3fa30 method=com.google.common.base.CharMatcher.lastIndexIn(Ljava/lang/CharSequence;)I @ 10 c2
Event: 324.742 Thread 0x0000022d47052130 DEOPT PACKING pc=0x0000022d1eb3fa30 sp=0x000000d61acfb2f0
Event: 324.742 Thread 0x0000022d47052130 DEOPT UNPACKING pc=0x0000022d1e23439c sp=0x000000d61acfb278 mode 2
Event: 324.760 Thread 0x0000022d47052130 Uncommon trap: trap_request=0xffffff6e fr.pc=0x0000022d1eb42a20 relative=0x0000000000000340
Event: 324.760 Thread 0x0000022d47052130 Uncommon trap: reason=loop_limit_check action=maybe_recompile pc=0x0000022d1eb42a20 method=com.google.common.base.CharMatcher.lastIndexIn(Ljava/lang/CharSequence;)I @ 10 c2
Event: 324.760 Thread 0x0000022d47052130 DEOPT PACKING pc=0x0000022d1eb42a20 sp=0x000000d61acfb440
Event: 324.760 Thread 0x0000022d47052130 DEOPT UNPACKING pc=0x0000022d1e23439c sp=0x000000d61acfb3f8 mode 2

Classes loaded (20 events):
Event: 321.822 Loading class jdk/internal/reflect/ByteVectorImpl
Event: 321.822 Loading class jdk/internal/reflect/ByteVector
Event: 321.822 Loading class jdk/internal/reflect/ByteVector done
Event: 321.822 Loading class jdk/internal/reflect/ByteVectorImpl done
Event: 321.822 Loading class jdk/internal/reflect/ClassFileAssembler
Event: 321.823 Loading class jdk/internal/reflect/ClassFileAssembler done
Event: 321.824 Loading class jdk/internal/reflect/UTF8
Event: 321.825 Loading class jdk/internal/reflect/UTF8 done
Event: 321.829 Loading class jdk/internal/reflect/Label
Event: 321.830 Loading class jdk/internal/reflect/Label done
Event: 321.830 Loading class jdk/internal/reflect/Label$PatchInfo
Event: 321.830 Loading class jdk/internal/reflect/Label$PatchInfo done
Event: 321.830 Loading class jdk/internal/reflect/MethodAccessorGenerator$1
Event: 321.830 Loading class jdk/internal/reflect/MethodAccessorGenerator$1 done
Event: 321.831 Loading class jdk/internal/reflect/ClassDefiner
Event: 321.831 Loading class jdk/internal/reflect/ClassDefiner done
Event: 321.831 Loading class jdk/internal/reflect/ClassDefiner$1
Event: 321.831 Loading class jdk/internal/reflect/ClassDefiner$1 done
Event: 321.831 Loading class jdk/internal/reflect/SerializationConstructorAccessorImpl
Event: 321.831 Loading class jdk/internal/reflect/SerializationConstructorAccessorImpl done

Classes unloaded (15 events):
Event: 241.797 Thread 0x0000022d28768520 Unloading class 0x0000022d2a641b90 '_BuildScript_$_run_closure1$_closure2$_closure3$_closure4$_closure10$_closure14'
Event: 241.797 Thread 0x0000022d28768520 Unloading class 0x0000022d2a6417a0 '_BuildScript_$_run_closure1$_closure2$_closure3$_closure4$_closure10$_closure13'
Event: 241.797 Thread 0x0000022d28768520 Unloading class 0x0000022d2a6413b0 '_BuildScript_$_run_closure1$_closure2$_closure3$_closure4$_closure10'
Event: 241.797 Thread 0x0000022d28768520 Unloading class 0x0000022d2a640fc0 '_BuildScript_$_run_closure1$_closure2$_closure3$_closure4$_closure9$_closure12'
Event: 241.797 Thread 0x0000022d28768520 Unloading class 0x0000022d2a640bd0 '_BuildScript_$_run_closure1$_closure2$_closure3$_closure4$_closure9'
Event: 241.797 Thread 0x0000022d28768520 Unloading class 0x0000022d2a6407e0 '_BuildScript_$_run_closure1$_closure2$_closure3$_closure4$_closure8'
Event: 241.797 Thread 0x0000022d28768520 Unloading class 0x0000022d2a6403f0 '_BuildScript_$_run_closure1$_closure2$_closure3$_closure4$_closure7'
Event: 241.797 Thread 0x0000022d28768520 Unloading class 0x0000022d2a640000 '_BuildScript_$_run_closure1$_closure2$_closure3$_closure4$_closure6$_closure11'
Event: 241.797 Thread 0x0000022d28768520 Unloading class 0x0000022d2a639bd0 '_BuildScript_$_run_closure1$_closure2$_closure3$_closure4$_closure6'
Event: 241.797 Thread 0x0000022d28768520 Unloading class 0x0000022d2a6397e0 '_BuildScript_$_run_closure1$_closure2$_closure3$_closure4$_closure5'
Event: 241.797 Thread 0x0000022d28768520 Unloading class 0x0000022d2a6393f0 '_BuildScript_$_run_closure1$_closure2$_closure3$_closure4'
Event: 241.797 Thread 0x0000022d28768520 Unloading class 0x0000022d2a639000 '_BuildScript_$_run_closure1$_closure2$_closure3'
Event: 241.797 Thread 0x0000022d28768520 Unloading class 0x0000022d2a638928 '_BuildScript_$_run_closure1$_closure2'
Event: 241.797 Thread 0x0000022d28768520 Unloading class 0x0000022d2a638538 '_BuildScript_$_run_closure1'
Event: 241.797 Thread 0x0000022d28768520 Unloading class 0x0000022d2a638000 '_BuildScript_'

Classes redefined (0 events):
No events

Internal exceptions (20 events):
Event: 282.173 Thread 0x0000022d42f47440 Exception <a 'java/lang/NoSuchMethodError'{0x00000000ebf21be8}: 'java.lang.Object java.lang.invoke.DirectMethodHandle$Holder.invokeSpecial(java.lang.Object, java.lang.Object, java.lang.Object, java.lang.Object, java.lang.Object, java.lang.Object, long)'> (0x00000000ebf21be8) 
thrown [s\src\hotspot\share\interpreter\linkResolver.cpp, line 773]
Event: 282.174 Thread 0x0000022d42f47440 Exception <a 'java/lang/NoSuchMethodError'{0x00000000ebf26430}: 'java.lang.Object java.lang.invoke.Invokers$Holder.linkToTargetMethod(java.lang.Object, java.lang.Object, java.lang.Object, java.lang.Object, long, java.lang.Object)'> (0x00000000ebf26430) 
thrown [s\src\hotspot\share\interpreter\linkResolver.cpp, line 773]
Event: 282.190 Thread 0x0000022d42f47440 Exception <a 'java/lang/NoSuchMethodError'{0x00000000ebf6aaf8}: 'java.lang.Object java.lang.invoke.DirectMethodHandle$Holder.newInvokeSpecial(java.lang.Object, java.lang.Object, java.lang.Object, long)'> (0x00000000ebf6aaf8) 
thrown [s\src\hotspot\share\interpreter\linkResolver.cpp, line 773]
Event: 282.191 Thread 0x0000022d42f47440 Exception <a 'java/lang/NoSuchMethodError'{0x00000000ebf6f2f0}: 'java.lang.Object java.lang.invoke.Invokers$Holder.linkToTargetMethod(java.lang.Object, java.lang.Object, long, java.lang.Object)'> (0x00000000ebf6f2f0) 
thrown [s\src\hotspot\share\interpreter\linkResolver.cpp, line 773]
Event: 282.487 Thread 0x0000022d42f47440 Exception <a 'java/lang/NoSuchMethodError'{0x00000000ebd7d8a8}: 'java.lang.Object java.lang.invoke.DirectMethodHandle$Holder.newInvokeSpecial(java.lang.Object, java.lang.Object, java.lang.Object, java.lang.Object, java.lang.Object, java.lang.Object, java.lang.Object, java.lang.Object, java.lang.Object, java.lang.Object, java.lang.Object, java.lang.Object, java.lang.Object, java.lang.Object, java.lang.Object, java.lang.Object, java.lang.Object, java.lang.Object, java.lang.Object, java.lang.Object, java.lang
Event: 282.489 Thread 0x0000022d42f47440 Exception <a 'java/lang/NoSuchMethodError'{0x00000000ebd89048}: 'java.lang.Object java.lang.invoke.DirectMethodHandle$Holder.invokeSpecial(java.lang.Object, java.lang.Object, java.lang.Object, java.lang.Object, java.lang.Object, java.lang.Object, java.lang.Object, java.lang.Object, java.lang.Object, java.lang.Object, java.lang.Object, java.lang.Object, java.lang.Object, java.lang.Object, java.lang.Object, java.lang.Object, java.lang.Object, java.lang.Object, java.lang.Object, java.lang.Object, java.lang.Ob
Event: 282.489 Thread 0x0000022d42f47440 Exception <a 'java/lang/NoSuchMethodError'{0x00000000ebd8f588}: 'java.lang.Object java.lang.invoke.DelegatingMethodHandle$Holder.reinvoke_L(java.lang.Object, java.lang.Object, java.lang.Object, java.lang.Object, java.lang.Object, java.lang.Object, java.lang.Object, java.lang.Object, java.lang.Object, java.lang.Object, java.lang.Object, java.lang.Object, java.lang.Object, java.lang.Object, java.lang.Object, java.lang.Object, java.lang.Object, java.lang.Object, java.lang.Object, java.lang.Object, java.lang.O
Event: 282.647 Thread 0x0000022d42f47440 Implicit null exception at 0x0000022d1efb3924 to 0x0000022d1efb3da0
Event: 283.514 Thread 0x0000022d42f47440 Exception <a 'java/lang/NoSuchMethodError'{0x00000000eb44b000}: 'java.lang.Object java.lang.invoke.DirectMethodHandle$Holder.newInvokeSpecial(java.lang.Object, int, java.lang.Object)'> (0x00000000eb44b000) 
thrown [s\src\hotspot\share\interpreter\linkResolver.cpp, line 773]
Event: 284.424 Thread 0x0000022d42f47440 Implicit null exception at 0x0000022d1ed450fb to 0x0000022d1ed45134
Event: 284.551 Thread 0x0000022d42f47440 Exception <a 'sun/nio/fs/WindowsException'{0x00000000ea9d73d8}> (0x00000000ea9d73d8) 
thrown [s\src\hotspot\share\prims\jni.cpp, line 520]
Event: 289.097 Thread 0x0000022d42f47440 Exception <a 'java/lang/NoSuchMethodError'{0x00000000e8c8ed10}: 'int java.lang.invoke.DirectMethodHandle$Holder.invokeSpecial(java.lang.Object, java.lang.Object, int)'> (0x00000000e8c8ed10) 
thrown [s\src\hotspot\share\interpreter\linkResolver.cpp, line 773]
Event: 290.725 Thread 0x0000022d42f47440 Exception <a 'java/lang/NoSuchMethodError'{0x00000000e87f9070}: 'java.lang.Object java.lang.invoke.DirectMethodHandle$Holder.invokeSpecial(java.lang.Object, java.lang.Object, java.lang.Object, java.lang.Object, java.lang.Object, long)'> (0x00000000e87f9070) 
thrown [s\src\hotspot\share\interpreter\linkResolver.cpp, line 773]
Event: 290.731 Thread 0x0000022d42f47440 Exception <a 'java/lang/NoSuchMethodError'{0x00000000e861dbf0}: 'void java.lang.invoke.DirectMethodHandle$Holder.invokeStatic(java.lang.Object, java.lang.Object, java.lang.Object, int, java.lang.Object)'> (0x00000000e861dbf0) 
thrown [s\src\hotspot\share\interpreter\linkResolver.cpp, line 773]
Event: 292.050 Thread 0x0000022d28780fe0 Implicit null exception at 0x0000022d1ea7850b to 0x0000022d1ea785d0
Event: 293.799 Thread 0x0000022d42f47440 Exception <a 'java/lang/NoSuchMethodError'{0x00000000efd96640}: 'java.lang.Object java.lang.invoke.DirectMethodHandle$Holder.invokeSpecial(java.lang.Object, java.lang.Object, long, java.lang.Object, java.lang.Object)'> (0x00000000efd96640) 
thrown [s\src\hotspot\share\interpreter\linkResolver.cpp, line 773]
Event: 293.871 Thread 0x0000022d42f47440 Implicit null exception at 0x0000022d1e98cff9 to 0x0000022d1e98d024
Event: 321.844 Thread 0x0000022d42f47440 Exception <a 'java/lang/NoSuchMethodError'{0x00000000ed14af78}: 'java.lang.Object java.lang.invoke.DirectMethodHandle$Holder.newInvokeSpecial(java.lang.Object, java.lang.Object, java.lang.Object, java.lang.Object, int, java.lang.Object)'> (0x00000000ed14af78) 
thrown [s\src\hotspot\share\interpreter\linkResolver.cpp, line 773]
Event: 321.845 Thread 0x0000022d42f47440 Exception <a 'java/lang/NoSuchMethodError'{0x00000000ed150280}: 'java.lang.Object java.lang.invoke.DirectMethodHandle$Holder.invokeSpecial(java.lang.Object, java.lang.Object, java.lang.Object, java.lang.Object, java.lang.Object, int, java.lang.Object)'> (0x00000000ed150280) 
thrown [s\src\hotspot\share\interpreter\linkResolver.cpp, line 773]
Event: 321.846 Thread 0x0000022d42f47440 Exception <a 'java/lang/NoSuchMethodError'{0x00000000ed154e08}: 'java.lang.Object java.lang.invoke.Invokers$Holder.linkToTargetMethod(java.lang.Object, java.lang.Object, java.lang.Object, int, java.lang.Object, java.lang.Object)'> (0x00000000ed154e08) 
thrown [s\src\hotspot\share\interpreter\linkResolver.cpp, line 773]

ZGC Phase Switch (0 events):
No events

VM Operations (20 events):
Event: 315.613 Executing safepoint VM operation: Cleanup
Event: 315.613 Executing safepoint VM operation: Cleanup done
Event: 316.625 Executing safepoint VM operation: Cleanup
Event: 316.625 Executing safepoint VM operation: Cleanup done
Event: 318.640 Executing safepoint VM operation: Cleanup
Event: 318.640 Executing safepoint VM operation: Cleanup done
Event: 319.733 Executing safepoint VM operation: Cleanup
Event: 319.733 Executing safepoint VM operation: Cleanup done
Event: 320.749 Executing safepoint VM operation: Cleanup
Event: 320.749 Executing safepoint VM operation: Cleanup done
Event: 321.761 Executing safepoint VM operation: Cleanup
Event: 321.761 Executing safepoint VM operation: Cleanup done
Event: 321.999 Executing non-safepoint VM operation: HandshakeAllThreads (Deoptimize)
Event: 322.000 Executing non-safepoint VM operation: HandshakeAllThreads (Deoptimize) done
Event: 323.009 Executing safepoint VM operation: Cleanup
Event: 323.009 Executing safepoint VM operation: Cleanup done
Event: 323.895 Executing safepoint VM operation: G1CollectForAllocation (G1 Evacuation Pause)
Event: 323.945 Executing safepoint VM operation: G1CollectForAllocation (G1 Evacuation Pause) done
Event: 324.950 Executing safepoint VM operation: Cleanup
Event: 325.046 Executing safepoint VM operation: Cleanup done

Memory protections (0 events):
No events

Nmethod flushes (20 events):
Event: 267.636 Thread 0x0000022d28768520 flushing  nmethod 0x0000022d17c6e310
Event: 267.636 Thread 0x0000022d28768520 flushing  nmethod 0x0000022d17d20390
Event: 267.636 Thread 0x0000022d28768520 flushing  nmethod 0x0000022d17d21890
Event: 267.636 Thread 0x0000022d28768520 flushing  nmethod 0x0000022d17d2eb90
Event: 267.636 Thread 0x0000022d28768520 flushing  nmethod 0x0000022d17d62190
Event: 267.636 Thread 0x0000022d28768520 flushing  nmethod 0x0000022d17d7cc90
Event: 267.636 Thread 0x0000022d28768520 flushing  nmethod 0x0000022d17d7d010
Event: 267.636 Thread 0x0000022d28768520 flushing  nmethod 0x0000022d17d7df10
Event: 267.636 Thread 0x0000022d28768520 flushing  nmethod 0x0000022d17d7f690
Event: 267.636 Thread 0x0000022d28768520 flushing  nmethod 0x0000022d17d83a90
Event: 267.636 Thread 0x0000022d28768520 flushing osr nmethod 0x0000022d17d84210
Event: 267.636 Thread 0x0000022d28768520 flushing  nmethod 0x0000022d17d9e190
Event: 267.636 Thread 0x0000022d28768520 flushing  nmethod 0x0000022d17d9f490
Event: 267.636 Thread 0x0000022d28768520 flushing  nmethod 0x0000022d17da0810
Event: 267.636 Thread 0x0000022d28768520 flushing  nmethod 0x0000022d17da1510
Event: 267.636 Thread 0x0000022d28768520 flushing  nmethod 0x0000022d17da2910
Event: 267.636 Thread 0x0000022d28768520 flushing  nmethod 0x0000022d17da4a90
Event: 267.636 Thread 0x0000022d28768520 flushing  nmethod 0x0000022d17da5110
Event: 267.636 Thread 0x0000022d28768520 flushing  nmethod 0x0000022d17dcfb10
Event: 267.636 Thread 0x0000022d28768520 flushing  nmethod 0x0000022d17de0690

Events (20 events):
Event: 24.013 Thread 0x0000022d42f47440 Thread added: 0x0000022d288540f0
Event: 30.727 Thread 0x0000022d42f47440 Thread added: 0x0000022d28855b30
Event: 30.771 Thread 0x0000022d42f47440 Thread added: 0x0000022d4475bf50
Event: 33.140 Thread 0x0000022d42f47440 Thread added: 0x0000022d44759e80
Event: 33.166 Thread 0x0000022d42f47440 Thread added: 0x0000022d4475aba0
Event: 36.939 Thread 0x0000022d42f47440 Thread added: 0x0000022d4475c5e0
Event: 38.171 Thread 0x0000022d42f47440 Thread added: 0x0000022d44759160
Event: 39.627 Thread 0x0000022d42f47440 Thread added: 0x0000022d4475b230
Event: 40.823 Thread 0x0000022d42f47440 Thread added: 0x0000022d4475b8c0
Event: 50.588 Thread 0x0000022d42f47440 Thread added: 0x0000022d44758ad0
Event: 56.859 Thread 0x0000022d42f47440 Thread added: 0x0000022d4475d990
Event: 274.499 Thread 0x0000022d42f47440 Thread added: 0x0000022d46729070
Event: 299.429 Thread 0x0000022d42f47440 Thread added: 0x0000022d46725bf0
Event: 301.931 Thread 0x0000022d42f47440 Thread added: 0x0000022d46726280
Event: 309.309 Thread 0x0000022d42f47440 Thread added: 0x0000022d46728350
Event: 309.838 Thread 0x0000022d42f47440 Thread added: 0x0000022d4672aab0
Event: 310.534 Thread 0x0000022d42f47440 Thread added: 0x0000022d46729700
Event: 311.252 Thread 0x0000022d42f47440 Thread added: 0x0000022d46c76420
Event: 312.458 Thread 0x0000022d42f47440 Thread added: 0x0000022d470534e0
Event: 321.977 Thread 0x0000022d42f47440 Thread added: 0x0000022d47052130


Dynamic libraries:
0x00007ff754b10000 - 0x00007ff754b1e000 	C:\Users\Adriano\.vscode\extensions\redhat.java-1.54.0-win32-x64\jre\21.0.10-win32-x86_64\bin\java.exe
0x00007ff95ba70000 - 0x00007ff95bc68000 	C:\WINDOWS\SYSTEM32\ntdll.dll
0x00007ff959bd0000 - 0x00007ff959c92000 	C:\WINDOWS\System32\KERNEL32.DLL
0x00007ff9593b0000 - 0x00007ff9596a6000 	C:\WINDOWS\System32\KERNELBASE.dll
0x00007ff959770000 - 0x00007ff959870000 	C:\WINDOWS\System32\ucrtbase.dll
0x00007ff9462d0000 - 0x00007ff9462e8000 	C:\Users\Adriano\.vscode\extensions\redhat.java-1.54.0-win32-x64\jre\21.0.10-win32-x86_64\bin\jli.dll
0x00007ff95a550000 - 0x00007ff95a6f1000 	C:\WINDOWS\System32\USER32.dll
0x00007ff959740000 - 0x00007ff959762000 	C:\WINDOWS\System32\win32u.dll
0x00007ff95ab80000 - 0x00007ff95abab000 	C:\WINDOWS\System32\GDI32.dll
0x00007ff959260000 - 0x00007ff959379000 	C:\WINDOWS\System32\gdi32full.dll
0x00007ff959a50000 - 0x00007ff959aed000 	C:\WINDOWS\System32\msvcp_win.dll
0x00007ff945860000 - 0x00007ff94587e000 	C:\Users\Adriano\.vscode\extensions\redhat.java-1.54.0-win32-x64\jre\21.0.10-win32-x86_64\bin\VCRUNTIME140.dll
0x00007ff946c70000 - 0x00007ff946f0b000 	C:\WINDOWS\WinSxS\amd64_microsoft.windows.common-controls_6595b64144ccf1df_6.0.19041.6456_none_60b8a6cb71f64256\COMCTL32.dll
0x00007ff95b140000 - 0x00007ff95b1de000 	C:\WINDOWS\System32\msvcrt.dll
0x00007ff95b900000 - 0x00007ff95b92f000 	C:\WINDOWS\System32\IMM32.DLL
0x00007ff949240000 - 0x00007ff94924c000 	C:\Users\Adriano\.vscode\extensions\redhat.java-1.54.0-win32-x64\jre\21.0.10-win32-x86_64\bin\vcruntime140_1.dll
0x00007ff93fc40000 - 0x00007ff93fccd000 	C:\Users\Adriano\.vscode\extensions\redhat.java-1.54.0-win32-x64\jre\21.0.10-win32-x86_64\bin\msvcp140.dll
0x00007ff91ecc0000 - 0x00007ff91fa61000 	C:\Users\Adriano\.vscode\extensions\redhat.java-1.54.0-win32-x64\jre\21.0.10-win32-x86_64\bin\server\jvm.dll
0x00007ff95b240000 - 0x00007ff95b2f1000 	C:\WINDOWS\System32\ADVAPI32.dll
0x00007ff95a9b0000 - 0x00007ff95aa4f000 	C:\WINDOWS\System32\sechost.dll
0x00007ff95b020000 - 0x00007ff95b140000 	C:\WINDOWS\System32\RPCRT4.dll
0x00007ff959380000 - 0x00007ff9593a7000 	C:\WINDOWS\System32\bcrypt.dll
0x00007ff95b930000 - 0x00007ff95b99b000 	C:\WINDOWS\System32\WS2_32.dll
0x00007ff958fc0000 - 0x00007ff95900b000 	C:\WINDOWS\SYSTEM32\POWRPROF.dll
0x00007ff947cb0000 - 0x00007ff947cba000 	C:\WINDOWS\SYSTEM32\VERSION.dll
0x00007ff952f80000 - 0x00007ff952fa7000 	C:\WINDOWS\SYSTEM32\WINMM.dll
0x00007ff958fa0000 - 0x00007ff958fb2000 	C:\WINDOWS\SYSTEM32\UMPDC.dll
0x00007ff957a80000 - 0x00007ff957a92000 	C:\WINDOWS\SYSTEM32\kernel.appcore.dll
0x00007ff9491a0000 - 0x00007ff9491aa000 	C:\Users\Adriano\.vscode\extensions\redhat.java-1.54.0-win32-x64\jre\21.0.10-win32-x86_64\bin\jimage.dll
0x00007ff9575e0000 - 0x00007ff9577e1000 	C:\WINDOWS\SYSTEM32\DBGHELP.DLL
0x00007ff941e20000 - 0x00007ff941e54000 	C:\WINDOWS\SYSTEM32\dbgcore.DLL
0x00007ff9596b0000 - 0x00007ff959732000 	C:\WINDOWS\System32\bcryptPrimitives.dll
0x00007ff9477e0000 - 0x00007ff9477ef000 	C:\Users\Adriano\.vscode\extensions\redhat.java-1.54.0-win32-x64\jre\21.0.10-win32-x86_64\bin\instrument.dll
0x00007ff945470000 - 0x00007ff945490000 	C:\Users\Adriano\.vscode\extensions\redhat.java-1.54.0-win32-x64\jre\21.0.10-win32-x86_64\bin\java.dll
0x00007ff959d00000 - 0x00007ff95a470000 	C:\WINDOWS\System32\SHELL32.dll
0x00007ff956d60000 - 0x00007ff957505000 	C:\WINDOWS\SYSTEM32\windows.storage.dll
0x00007ff95b300000 - 0x00007ff95b654000 	C:\WINDOWS\System32\combase.dll
0x00007ff958a10000 - 0x00007ff958a3b000 	C:\WINDOWS\SYSTEM32\Wldp.dll
0x00007ff95a480000 - 0x00007ff95a54d000 	C:\WINDOWS\System32\OLEAUT32.dll
0x00007ff959af0000 - 0x00007ff959b9d000 	C:\WINDOWS\System32\SHCORE.dll
0x00007ff95b1e0000 - 0x00007ff95b23b000 	C:\WINDOWS\System32\shlwapi.dll
0x00007ff959090000 - 0x00007ff9590b4000 	C:\WINDOWS\SYSTEM32\profapi.dll
0x00007ff944ec0000 - 0x00007ff944ed8000 	C:\Users\Adriano\.vscode\extensions\redhat.java-1.54.0-win32-x64\jre\21.0.10-win32-x86_64\bin\zip.dll
0x00007ff9469e0000 - 0x00007ff9469f0000 	C:\Users\Adriano\.vscode\extensions\redhat.java-1.54.0-win32-x64\jre\21.0.10-win32-x86_64\bin\net.dll
0x00007ff950250000 - 0x00007ff95035a000 	C:\WINDOWS\SYSTEM32\WINHTTP.dll
0x00007ff958770000 - 0x00007ff9587da000 	C:\WINDOWS\system32\mswsock.dll
0x00007ff93eee0000 - 0x00007ff93eef6000 	C:\Users\Adriano\.vscode\extensions\redhat.java-1.54.0-win32-x64\jre\21.0.10-win32-x86_64\bin\nio.dll
0x00007ff9469b0000 - 0x00007ff9469c0000 	C:\Users\Adriano\.vscode\extensions\redhat.java-1.54.0-win32-x64\jre\21.0.10-win32-x86_64\bin\verify.dll
0x00007ff950850000 - 0x00007ff950877000 	C:\Users\Adriano\.gradle\native\c067742578af261105cb4f569cf0c3c89f3d7b1fecec35dd04571415982c5e48\windows-amd64\native-platform.dll
0x00007ff9481a0000 - 0x00007ff9482e4000 	C:\Users\Adriano\.gradle\native\100fb08df4bc3b14c8652ba06237920a3bd2aa13389f12d3474272988ae205f9\windows-amd64\native-platform-file-events.dll
0x00007ff94efa0000 - 0x00007ff94efaa000 	C:\Users\Adriano\.vscode\extensions\redhat.java-1.54.0-win32-x64\jre\21.0.10-win32-x86_64\bin\management.dll
0x00007ff94ef90000 - 0x00007ff94ef9c000 	C:\Users\Adriano\.vscode\extensions\redhat.java-1.54.0-win32-x64\jre\21.0.10-win32-x86_64\bin\management_ext.dll
0x00007ff95a470000 - 0x00007ff95a478000 	C:\WINDOWS\System32\PSAPI.DLL
0x00007ff958960000 - 0x00007ff958978000 	C:\WINDOWS\SYSTEM32\CRYPTSP.dll
0x00007ff958090000 - 0x00007ff9580c8000 	C:\WINDOWS\system32\rsaenh.dll
0x00007ff959010000 - 0x00007ff95903e000 	C:\WINDOWS\SYSTEM32\USERENV.dll
0x00007ff958980000 - 0x00007ff95898c000 	C:\WINDOWS\SYSTEM32\CRYPTBASE.dll
0x00007ff958450000 - 0x00007ff95848b000 	C:\WINDOWS\SYSTEM32\IPHLPAPI.DLL
0x00007ff95b740000 - 0x00007ff95b748000 	C:\WINDOWS\System32\NSI.dll
0x00007ff9464f0000 - 0x00007ff9464f9000 	C:\Users\Adriano\.vscode\extensions\redhat.java-1.54.0-win32-x64\jre\21.0.10-win32-x86_64\bin\extnet.dll
0x00007ff946910000 - 0x00007ff94691e000 	C:\Users\Adriano\.vscode\extensions\redhat.java-1.54.0-win32-x64\jre\21.0.10-win32-x86_64\bin\sunmscapi.dll
0x00007ff9598f0000 - 0x00007ff959a4d000 	C:\WINDOWS\System32\CRYPT32.dll
0x00007ff958a80000 - 0x00007ff958aa7000 	C:\WINDOWS\SYSTEM32\ncrypt.dll
0x00007ff958a40000 - 0x00007ff958a7b000 	C:\WINDOWS\SYSTEM32\NTASN1.dll
0x00007ff949490000 - 0x00007ff949497000 	C:\WINDOWS\system32\wshunix.dll
0x00007ff958490000 - 0x00007ff95855a000 	C:\WINDOWS\SYSTEM32\DNSAPI.dll
0x00007ff94e9b0000 - 0x00007ff94e9ba000 	C:\Windows\System32\rasadhlp.dll
0x00007ff949c70000 - 0x00007ff949cf0000 	C:\WINDOWS\System32\fwpuclnt.dll

JVMTI agents:
C:\Users\Adriano\.gradle\wrapper\dists\gradle-8.9-bin\90cnw93cvbtalezasaz0blq0a\gradle-8.9\lib\agents\gradle-instrumentation-agent-8.9.jar path:C:\Users\Adriano\.vscode\extensions\redhat.java-1.54.0-win32-x64\jre\21.0.10-win32-x86_64\bin\instrument.dll, loaded, initialized, instrumentlib options:none

dbghelp: loaded successfully - version: 4.0.5 - missing functions: none
symbol engine: initialized successfully - sym options: 0x614 - pdb path: .;C:\Users\Adriano\.vscode\extensions\redhat.java-1.54.0-win32-x64\jre\21.0.10-win32-x86_64\bin;C:\WINDOWS\SYSTEM32;C:\WINDOWS\WinSxS\amd64_microsoft.windows.common-controls_6595b64144ccf1df_6.0.19041.6456_none_60b8a6cb71f64256;C:\Users\Adriano\.vscode\extensions\redhat.java-1.54.0-win32-x64\jre\21.0.10-win32-x86_64\bin\server;C:\Users\Adriano\.gradle\native\c067742578af261105cb4f569cf0c3c89f3d7b1fecec35dd04571415982c5e48\windows-amd64;C:\Users\Adriano\.gradle\native\100fb08df4bc3b14c8652ba06237920a3bd2aa13389f12d3474272988ae205f9\windows-amd64

VM Arguments:
jvm_args: --add-opens=java.base/java.util=ALL-UNNAMED --add-opens=java.base/java.lang=ALL-UNNAMED --add-opens=java.base/java.lang.invoke=ALL-UNNAMED --add-opens=java.prefs/java.util.prefs=ALL-UNNAMED --add-exports=jdk.compiler/com.sun.tools.javac.api=ALL-UNNAMED --add-exports=jdk.compiler/com.sun.tools.javac.util=ALL-UNNAMED --add-opens=java.base/java.nio.charset=ALL-UNNAMED --add-opens=java.base/java.net=ALL-UNNAMED --add-opens=java.base/java.util.concurrent.atomic=ALL-UNNAMED -XX:MaxMetaspaceSize=384m -XX:+HeapDumpOnOutOfMemoryError -Xms256m -Xmx512m -Dfile.encoding=utf8 -Duser.country=BR -Duser.language=pt -Duser.variant -javaagent:C:\Users\Adriano\.gradle\wrapper\dists\gradle-8.9-bin\90cnw93cvbtalezasaz0blq0a\gradle-8.9\lib\agents\gradle-instrumentation-agent-8.9.jar 
java_command: org.gradle.launcher.daemon.bootstrap.GradleDaemon 8.9
java_class_path (initial): C:\Users\Adriano\.gradle\wrapper\dists\gradle-8.9-bin\90cnw93cvbtalezasaz0blq0a\gradle-8.9\lib\gradle-daemon-main-8.9.jar
Launcher Type: SUN_STANDARD

[Global flags]
     intx CICompilerCount                          = 2                                         {product} {ergonomic}
   size_t CompressedClassSpaceSize                 = 335544320                                 {product} {ergonomic}
     uint ConcGCThreads                            = 1                                         {product} {ergonomic}
     uint G1ConcRefinementThreads                  = 2                                         {product} {ergonomic}
   size_t G1HeapRegionSize                         = 1048576                                   {product} {ergonomic}
    uintx GCDrainStackTargetSize                   = 64                                        {product} {ergonomic}
     bool HeapDumpOnOutOfMemoryError               = true                                   {manageable} {command line}
   size_t InitialHeapSize                          = 268435456                                 {product} {command line}
   size_t MarkStackSize                            = 4194304                                   {product} {ergonomic}
   size_t MaxHeapSize                              = 536870912                                 {product} {command line}
   size_t MaxMetaspaceSize                         = 402653184                                 {product} {command line}
   size_t MaxNewSize                               = 321912832                                 {product} {ergonomic}
   size_t MinHeapDeltaBytes                        = 1048576                                   {product} {ergonomic}
   size_t MinHeapSize                              = 268435456                                 {product} {command line}
    uintx NonNMethodCodeHeapSize                   = 5826188                                {pd product} {ergonomic}
    uintx NonProfiledCodeHeapSize                  = 122916026                              {pd product} {ergonomic}
    uintx ProfiledCodeHeapSize                     = 122916026                              {pd product} {ergonomic}
    uintx ReservedCodeCacheSize                    = 251658240                              {pd product} {ergonomic}
     bool SegmentedCodeCache                       = true                                      {product} {ergonomic}
   size_t SoftMaxHeapSize                          = 536870912                              {manageable} {ergonomic}
     bool UseCompressedOops                        = true                           {product lp64_product} {ergonomic}
     bool UseG1GC                                  = true                                      {product} {ergonomic}
     bool UseLargePagesIndividualAllocation        = false                                  {pd product} {ergonomic}

Logging:
Log output configuration:
 #0: stdout all=warning uptime,level,tags foldmultilines=false
 #1: stderr all=off uptime,level,tags foldmultilines=false

Release file:
JAVA_VERSION="21.0.10" 
MODULES="java.base java.compiler java.datatransfer java.xml java.prefs java.desktop java.instrument java.logging java.management java.security.sasl java.naming java.rmi java.management.rmi java.net.http java.scripting java.security.jgss java.transaction.xa java.sql java.sql.rowset java.xml.crypto java.se java.smartcardio jdk.accessibility jdk.internal.jvmstat jdk.attach jdk.charsets jdk.internal.opt jdk.zipfs jdk.compiler jdk.crypto.ec jdk.crypto.cryptoki jdk.crypto.mscapi jdk.dynalink jdk.internal.ed jdk.editpad jdk.hotspot.agent jdk.httpserver jdk.internal.le jdk.internal.vm.ci jdk.internal.vm.compiler jdk.internal.vm.compiler.management jdk.jartool jdk.javadoc jdk.jcmd jdk.management jdk.management.agent jdk.jconsole jdk.jdeps jdk.jdwp.agent jdk.jdi jdk.jfr jdk.jshell jdk.jsobject jdk.jstatd jdk.localedata jdk.management.jfr jdk.naming.dns jdk.naming.rmi jdk.net jdk.nio.mapmode jdk.random jdk.sctp jdk.security.auth jdk.security.jgss jdk.unsupported jdk.unsupported.desktop jdk.xml.dom" 

Environment Variables:
PATH=C:\Python314\Scripts\;C:\Python314\;C:\Program Files\Common Files\Oracle\Java\javapath;C:\WINDOWS\system32;C:\WINDOWS;C:\WINDOWS\System32\Wbem;C:\WINDOWS\System32\WindowsPowerShell\v1.0\;C:\Program Files\dotnet\;C:\Program Files\Git\cmd;C:\WINDOWS\System32\OpenSSH\;C:\Program Files\nodejs\;C:\ProgramData\chocolatey\bin;C:\Users\Adriano\AppData\Local\Programs\Python\Python313\Scripts\;C:\Users\Adriano\AppData\Local\Programs\Python\Python313\;C:\Users\Adriano\AppData\Local\Microsoft\WindowsApps;C:\Users\Adriano\AppData\Local\Programs\Microsoft VS Code\bin;C:\Users\Adriano\AppData\Local\GitHubDesktop\bin;C:\Users\Adriano\AppData\Roaming\npm;C:\Program Files\JetBrains\IntelliJ IDEA 2026.1.2\bin;C:\Users\Adriano\Downloads\flutter\bin
USERNAME=Adriano
OS=Windows_NT
PROCESSOR_IDENTIFIER=Intel64 Family 6 Model 76 Stepping 4, GenuineIntel
TMP=C:\Users\Adriano\AppData\Local\Temp
TEMP=C:\Users\Adriano\AppData\Local\Temp




Periodic native trim disabled

---------------  S Y S T E M  ---------------

OS:
 Windows 10 , 64 bit Build 19041 (10.0.19041.5915)
OS uptime: 8 days 2:03 hours

CPU: total 2 (initial active 2) (2 cores per cpu, 1 threads per core) family 6 model 76 stepping 4 microcode 0x411, cx8, cmov, fxsr, mmx, 3dnowpref, sse, sse2, sse3, ssse3, sse4.1, sse4.2, popcnt, tsc, tscinvbit, aes, erms, clmul, clflush, rdtscp
Processor Information for the first 2 processors :
  Max Mhz: 1601, Current Mhz: 1601, Mhz Limit: 1601

Memory: 4k page, system-wide physical 3927M (256M free)
TotalPageFile size 12119M (AvailPageFile size 3M)
current process WorkingSet (physical memory assigned to process): 553M, peak: 564M
current process commit charge ("private bytes"): 604M, peak: 606M

vm_info: OpenJDK 64-Bit Server VM (21.0.10+7-LTS) for windows-amd64 JRE (21.0.10+7-LTS), built on 2026-01-20T00:00:00Z by "admin" with MS VC++ 17.12 (VS2022)

END.
